{"contracts/FIACoinMigration.sol":{"l":{"23":0,"24":0,"28":0,"29":0,"36":0,"37":0,"39":0,"40":0,"42":0,"49":0,"50":0,"53":0,"56":0,"59":0,"60":0,"64":0,"66":0,"78":0,"79":0,"80":0,"81":0},"path":"/Users/davide.patrucco/Desktop/Personal/finger/fia-hardhat/contracts/FIACoinMigration.sol","s":{"1":0,"2":0,"3":0,"4":0,"5":0,"6":0,"7":0,"8":0,"9":0,"10":0},"b":{"1":[0,0],"2":[0,0],"3":[0,0],"4":[0,0],"5":[0,0],"6":[0,0]},"f":{"1":0,"2":0,"3":0,"4":0,"5":0},"fnMap":{"1":{"name":"constructor","line":22,"loc":{"start":{"line":22,"column":4},"end":{"line":25,"column":4}}},"2":{"name":"onlyOwner","line":27,"loc":{"start":{"line":27,"column":4},"end":{"line":30,"column":4}}},"3":{"name":"enableMigration","line":35,"loc":{"start":{"line":35,"column":4},"end":{"line":43,"column":4}}},"4":{"name":"migrate","line":48,"loc":{"start":{"line":48,"column":4},"end":{"line":67,"column":4}}},"5":{"name":"getMigrationStatus","line":72,"loc":{"start":{"line":72,"column":4},"end":{"line":82,"column":4}}}},"statementMap":{"1":{"start":{"line":28,"column":8},"end":{"line":28,"column":48}},"2":{"start":{"line":36,"column":8},"end":{"line":36,"column":66}},"3":{"start":{"line":37,"column":8},"end":{"line":37,"column":62}},"4":{"start":{"line":42,"column":8},"end":{"line":42,"column":43}},"5":{"start":{"line":49,"column":8},"end":{"line":49,"column":57}},"6":{"start":{"line":50,"column":8},"end":{"line":50,"column":60}},"7":{"start":{"line":53,"column":8},"end":{"line":53,"column":59}},"8":{"start":{"line":56,"column":8},"end":{"line":56,"column":66}},"9":{"start":{"line":64,"column":8},"end":{"line":64,"column":77}},"10":{"start":{"line":66,"column":8},"end":{"line":66,"column":58}}},"branchMap":{"1":{"line":28,"type":"if","locations":[{"start":{"line":28,"column":8},"end":{"line":28,"column":8}},{"start":{"line":28,"column":8},"end":{"line":28,"column":8}}]},"2":{"line":35,"type":"if","locations":[{"start":{"line":35,"column":60},"end":{"line":35,"column":60}},{"start":{"line":35,"column":60},"end":{"line":35,"column":60}}]},"3":{"line":36,"type":"if","locations":[{"start":{"line":36,"column":8},"end":{"line":36,"column":8}},{"start":{"line":36,"column":8},"end":{"line":36,"column":8}}]},"4":{"line":37,"type":"if","locations":[{"start":{"line":37,"column":8},"end":{"line":37,"column":8}},{"start":{"line":37,"column":8},"end":{"line":37,"column":8}}]},"5":{"line":49,"type":"if","locations":[{"start":{"line":49,"column":8},"end":{"line":49,"column":8}},{"start":{"line":49,"column":8},"end":{"line":49,"column":8}}]},"6":{"line":50,"type":"if","locations":[{"start":{"line":50,"column":8},"end":{"line":50,"column":8}},{"start":{"line":50,"column":8},"end":{"line":50,"column":8}}]}}},"contracts/FIACoinV6.sol":{"l":{"184":27,"185":27,"186":27,"187":27,"188":27,"189":27,"192":27,"198":27,"199":27,"200":27,"201":27,"204":27,"212":27,"215":27,"216":27,"217":27,"229":3,"231":3,"233":3,"246":3,"247":3,"251":3,"252":3,"253":3,"255":3,"256":3,"258":3,"259":3,"261":3,"262":3,"264":0,"267":3,"275":0,"276":0,"277":0,"278":0,"279":0,"280":0,"282":0,"283":0,"285":0,"286":0,"288":0,"289":0,"291":0,"295":9,"300":0,"308":0,"309":0,"310":0,"318":0,"331":0,"332":0,"344":0,"345":0,"357":3,"358":3,"359":3,"360":3,"362":3,"363":3,"364":3,"366":3,"374":3,"375":3,"376":3,"391":0,"392":0,"393":0,"403":2,"404":2,"405":2,"406":2,"408":2,"410":2,"411":11,"413":2,"414":2,"422":0,"423":0,"425":0,"426":0,"427":0,"429":0,"437":1,"439":1,"440":1,"441":1,"443":1,"447":43,"448":43,"452":1,"453":1,"457":1,"458":1,"462":2,"463":2,"467":13,"468":13,"469":13,"477":43,"478":43,"485":43,"487":43,"489":43,"497":43,"498":43,"502":2,"503":2,"504":2,"505":2,"507":2,"508":2,"509":2,"511":2,"512":1,"516":9,"520":12,"524":14,"532":237,"535":27,"536":27,"537":0,"539":27,"542":210,"543":208,"548":210,"550":0,"551":0,"552":0,"554":0,"557":210,"559":2,"560":2,"561":2,"565":208,"567":134,"568":134,"569":134,"573":74,"574":20,"577":20,"578":0,"583":74,"584":74,"585":74,"586":74,"587":74,"590":74,"591":74,"593":74,"594":74,"596":74,"598":74,"599":74,"603":74,"606":73,"607":73,"609":73,"613":0,"614":0,"615":0,"616":0,"618":0,"619":0,"620":0,"625":23,"626":22,"628":22,"629":22,"631":22,"633":22,"637":9,"639":9,"640":9,"642":9,"644":9,"645":9,"646":9,"648":9,"649":0,"650":0,"652":9,"655":9,"656":9,"661":208,"662":208,"664":208,"665":137,"666":137,"669":208,"673":23,"674":23},"path":"/Users/davide.patrucco/Desktop/Personal/finger/fia-hardhat/contracts/FIACoinV6.sol","s":{"1":27,"2":27,"3":27,"4":3,"5":3,"6":3,"7":3,"8":3,"9":3,"10":3,"11":3,"12":3,"13":3,"14":3,"15":0,"16":0,"17":0,"18":0,"19":0,"20":0,"21":0,"22":0,"23":0,"24":0,"25":0,"26":0,"27":9,"28":0,"29":0,"30":0,"31":0,"32":0,"33":3,"34":3,"35":3,"36":3,"37":3,"38":3,"39":3,"40":0,"41":0,"42":0,"43":2,"44":2,"45":2,"46":2,"47":2,"48":11,"49":2,"50":2,"51":0,"52":0,"53":0,"54":0,"55":1,"56":1,"57":43,"58":1,"59":1,"60":1,"61":1,"62":2,"63":13,"64":13,"65":43,"66":43,"67":43,"68":43,"69":43,"70":43,"71":2,"72":2,"73":2,"74":2,"75":2,"76":2,"77":1,"78":9,"79":12,"80":14,"81":237,"82":27,"83":27,"84":0,"85":27,"86":210,"87":208,"88":210,"89":0,"90":0,"91":0,"92":0,"93":210,"94":2,"95":2,"96":208,"97":134,"98":134,"99":134,"100":74,"101":20,"102":20,"103":0,"104":74,"105":74,"106":74,"107":74,"108":74,"109":74,"110":74,"111":74,"112":74,"113":74,"114":74,"115":74,"116":73,"117":0,"118":0,"119":0,"120":0,"121":0,"122":0,"123":0,"124":23,"125":22,"126":0,"127":22,"128":22,"129":22,"130":22,"131":9,"132":9,"133":9,"134":9,"135":9,"136":9,"137":9,"138":9,"139":208,"140":23,"141":23},"b":{"1":[27,0],"2":[27,0],"3":[3,0],"4":[3,0],"5":[3,0],"6":[3,0],"7":[3,0],"8":[3,0],"9":[0,0],"10":[0,0],"11":[0,0],"12":[0,0],"13":[0,0],"14":[0,0],"15":[0,0],"16":[0,0],"17":[0,0],"18":[0,0],"19":[0,0],"20":[0,0],"21":[3,0],"22":[3,0],"23":[3,0],"24":[3,0],"25":[3,0],"26":[2,0],"27":[2,0],"28":[0,0],"29":[0,0],"30":[0,0],"31":[1,0],"32":[1,0],"33":[43,0],"34":[1,0],"35":[1,0],"36":[13,0],"37":[13,0],"38":[43,0],"39":[43,0],"40":[43,0],"41":[29,9],"42":[9,3],"43":[3,2],"44":[43,0],"45":[2,0],"46":[2,0],"47":[2,0],"48":[2,0],"49":[9,0],"50":[237,0],"51":[27,210],"52":[0,27],"53":[208,2],"54":[0,210],"55":[0,0],"56":[2,208],"57":[134,74],"58":[0,134],"59":[134,0],"60":[20,54],"61":[0,20],"62":[0,0],"63":[74,0],"64":[74,0],"65":[74,0],"66":[0,0],"67":[0,0],"68":[0,0],"69":[0,0],"70":[0,22],"71":[9,0],"72":[9,0],"73":[9,0],"74":[0,9],"75":[137,71],"76":[23,0],"77":[23,0]},"f":{"1":27,"2":3,"3":3,"4":0,"5":9,"6":0,"7":0,"8":0,"9":0,"10":3,"11":3,"12":0,"13":2,"14":0,"15":1,"16":43,"17":1,"18":1,"19":2,"20":13,"21":43,"22":2,"23":9,"24":12,"25":14,"26":237,"27":0,"28":23,"29":9,"30":208,"31":23},"fnMap":{"1":{"name":"constructor","line":182,"loc":{"start":{"line":180,"column":4},"end":{"line":218,"column":4}}},"2":{"name":"propose","line":224,"loc":{"start":{"line":224,"column":4},"end":{"line":248,"column":4}}},"3":{"name":"vote","line":250,"loc":{"start":{"line":250,"column":4},"end":{"line":268,"column":4}}},"4":{"name":"execute","line":274,"loc":{"start":{"line":274,"column":4},"end":{"line":292,"column":4}}},"5":{"name":"getVotingPower","line":294,"loc":{"start":{"line":294,"column":4},"end":{"line":296,"column":4}}},"6":{"name":"setExecutor","line":299,"loc":{"start":{"line":299,"column":4},"end":{"line":301,"column":4}}},"7":{"name":"ownerMintForTests","line":307,"loc":{"start":{"line":307,"column":4},"end":{"line":311,"column":4}}},"8":{"name":"regularMint","line":317,"loc":{"start":{"line":317,"column":4},"end":{"line":319,"column":4}}},"9":{"name":"ownerCreateProposalForTests","line":330,"loc":{"start":{"line":325,"column":4},"end":{"line":346,"column":4}}},"10":{"name":"antiMEV","line":356,"loc":{"start":{"line":356,"column":4},"end":{"line":367,"column":4}}},"11":{"name":"protectedTransfer","line":373,"loc":{"start":{"line":369,"column":4},"end":{"line":377,"column":4}}},"12":{"name":"transferWithData","line":386,"loc":{"start":{"line":386,"column":4},"end":{"line":394,"column":4}}},"13":{"name":"batchTransfer","line":399,"loc":{"start":{"line":399,"column":4},"end":{"line":415,"column":4}}},"14":{"name":"setTotalFeeBP","line":421,"loc":{"start":{"line":421,"column":4},"end":{"line":430,"column":4}}},"15":{"name":"setFeeDistribution","line":436,"loc":{"start":{"line":432,"column":4},"end":{"line":444,"column":4}}},"16":{"name":"setFeeExempt","line":446,"loc":{"start":{"line":446,"column":4},"end":{"line":449,"column":4}}},"17":{"name":"emergencyPause","line":451,"loc":{"start":{"line":451,"column":4},"end":{"line":454,"column":4}}},"18":{"name":"emergencyUnpause","line":456,"loc":{"start":{"line":456,"column":4},"end":{"line":459,"column":4}}},"19":{"name":"burn","line":461,"loc":{"start":{"line":461,"column":4},"end":{"line":464,"column":4}}},"20":{"name":"addToRewardPool","line":466,"loc":{"start":{"line":466,"column":4},"end":{"line":470,"column":4}}},"21":{"name":"stake","line":476,"loc":{"start":{"line":476,"column":4},"end":{"line":499,"column":4}}},"22":{"name":"unstake","line":501,"loc":{"start":{"line":501,"column":4},"end":{"line":513,"column":4}}},"23":{"name":"claimRewards","line":515,"loc":{"start":{"line":515,"column":4},"end":{"line":517,"column":4}}},"24":{"name":"getStakeCount","line":519,"loc":{"start":{"line":519,"column":4},"end":{"line":521,"column":4}}},"25":{"name":"calculateRewards","line":523,"loc":{"start":{"line":523,"column":4},"end":{"line":525,"column":4}}},"26":{"name":"_update","line":531,"loc":{"start":{"line":531,"column":4},"end":{"line":610,"column":4}}},"27":{"name":"_executeProposal","line":612,"loc":{"start":{"line":612,"column":4},"end":{"line":622,"column":4}}},"28":{"name":"_calculateRewards","line":624,"loc":{"start":{"line":624,"column":4},"end":{"line":634,"column":4}}},"29":{"name":"_claimStakingRewards","line":636,"loc":{"start":{"line":636,"column":4},"end":{"line":658,"column":4}}},"30":{"name":"_updateAnalytics","line":660,"loc":{"start":{"line":660,"column":4},"end":{"line":670,"column":4}}},"31":{"name":"_enforceTransactionLimits","line":672,"loc":{"start":{"line":672,"column":4},"end":{"line":676,"column":4}}}},"statementMap":{"1":{"start":{"line":185,"column":8},"end":{"line":185,"column":93}},"2":{"start":{"line":192,"column":8},"end":{"line":192,"column":7836}},"3":{"start":{"line":212,"column":4},"end":{"line":212,"column":32}},"4":{"start":{"line":229,"column":8},"end":{"line":229,"column":96}},"5":{"start":{"line":231,"column":8},"end":{"line":231,"column":44}},"6":{"start":{"line":246,"column":8},"end":{"line":246,"column":65}},"7":{"start":{"line":247,"column":8},"end":{"line":247,"column":25}},"8":{"start":{"line":251,"column":8},"end":{"line":251,"column":65}},"9":{"start":{"line":252,"column":8},"end":{"line":252,"column":66}},"10":{"start":{"line":253,"column":8},"end":{"line":253,"column":87}},"11":{"start":{"line":255,"column":8},"end":{"line":255,"column":50}},"12":{"start":{"line":256,"column":8},"end":{"line":256,"column":49}},"13":{"start":{"line":261,"column":8},"end":{"line":261,"column":10447}},"14":{"start":{"line":267,"column":8},"end":{"line":267,"column":66}},"15":{"start":{"line":275,"column":8},"end":{"line":275,"column":65}},"16":{"start":{"line":276,"column":8},"end":{"line":276,"column":92}},"17":{"start":{"line":277,"column":8},"end":{"line":277,"column":57}},"18":{"start":{"line":278,"column":8},"end":{"line":278,"column":54}},"19":{"start":{"line":279,"column":8},"end":{"line":279,"column":73}},"20":{"start":{"line":280,"column":8},"end":{"line":280,"column":95}},"21":{"start":{"line":282,"column":8},"end":{"line":282,"column":70}},"22":{"start":{"line":283,"column":8},"end":{"line":283,"column":66}},"23":{"start":{"line":285,"column":8},"end":{"line":285,"column":54}},"24":{"start":{"line":286,"column":8},"end":{"line":286,"column":78}},"25":{"start":{"line":289,"column":8},"end":{"line":289,"column":33}},"26":{"start":{"line":291,"column":8},"end":{"line":291,"column":41}},"27":{"start":{"line":295,"column":8},"end":{"line":295,"column":33}},"28":{"start":{"line":309,"column":4},"end":{"line":309,"column":20}},"29":{"start":{"line":318,"column":8},"end":{"line":318,"column":24}},"30":{"start":{"line":331,"column":8},"end":{"line":331,"column":44}},"31":{"start":{"line":344,"column":8},"end":{"line":344,"column":63}},"32":{"start":{"line":345,"column":8},"end":{"line":345,"column":25}},"33":{"start":{"line":357,"column":8},"end":{"line":357,"column":13997}},"34":{"start":{"line":358,"column":12},"end":{"line":358,"column":84}},"35":{"start":{"line":359,"column":12},"end":{"line":359,"column":87}},"36":{"start":{"line":360,"column":12},"end":{"line":360,"column":103}},"37":{"start":{"line":374,"column":8},"end":{"line":374,"column":40}},"38":{"start":{"line":375,"column":8},"end":{"line":375,"column":40}},"39":{"start":{"line":376,"column":8},"end":{"line":376,"column":19}},"40":{"start":{"line":391,"column":8},"end":{"line":391,"column":40}},"41":{"start":{"line":392,"column":8},"end":{"line":392,"column":74}},"42":{"start":{"line":393,"column":8},"end":{"line":393,"column":19}},"43":{"start":{"line":403,"column":8},"end":{"line":403,"column":76}},"44":{"start":{"line":404,"column":8},"end":{"line":404,"column":21}},"45":{"start":{"line":405,"column":8},"end":{"line":405,"column":15708}},"46":{"start":{"line":408,"column":8},"end":{"line":408,"column":70}},"47":{"start":{"line":410,"column":8},"end":{"line":410,"column":15880}},"48":{"start":{"line":411,"column":12},"end":{"line":411,"column":59}},"49":{"start":{"line":413,"column":8},"end":{"line":413,"column":64}},"50":{"start":{"line":414,"column":8},"end":{"line":414,"column":19}},"51":{"start":{"line":422,"column":8},"end":{"line":422,"column":70}},"52":{"start":{"line":423,"column":8},"end":{"line":423,"column":94}},"53":{"start":{"line":425,"column":8},"end":{"line":425,"column":35}},"54":{"start":{"line":429,"column":8},"end":{"line":429,"column":57}},"55":{"start":{"line":437,"column":8},"end":{"line":437,"column":95}},"56":{"start":{"line":443,"column":8},"end":{"line":443,"column":63}},"57":{"start":{"line":448,"column":8},"end":{"line":448,"column":45}},"58":{"start":{"line":452,"column":8},"end":{"line":452,"column":15}},"59":{"start":{"line":453,"column":8},"end":{"line":453,"column":49}},"60":{"start":{"line":457,"column":8},"end":{"line":457,"column":17}},"61":{"start":{"line":458,"column":8},"end":{"line":458,"column":51}},"62":{"start":{"line":462,"column":8},"end":{"line":462,"column":32}},"63":{"start":{"line":467,"column":8},"end":{"line":467,"column":71}},"64":{"start":{"line":468,"column":8},"end":{"line":468,"column":51}},"65":{"start":{"line":477,"column":8},"end":{"line":477,"column":59}},"66":{"start":{"line":478,"column":8},"end":{"line":478,"column":18297}},"67":{"start":{"line":485,"column":8},"end":{"line":485,"column":71}},"68":{"start":{"line":487,"column":8},"end":{"line":487,"column":51}},"69":{"start":{"line":489,"column":8},"end":{"line":489,"column":18670}},"70":{"start":{"line":498,"column":8},"end":{"line":498,"column":86}},"71":{"start":{"line":502,"column":8},"end":{"line":502,"column":81}},"72":{"start":{"line":503,"column":8},"end":{"line":503,"column":72}},"73":{"start":{"line":504,"column":8},"end":{"line":504,"column":55}},"74":{"start":{"line":505,"column":8},"end":{"line":505,"column":107}},"75":{"start":{"line":507,"column":8},"end":{"line":507,"column":41}},"76":{"start":{"line":511,"column":8},"end":{"line":511,"column":51}},"77":{"start":{"line":512,"column":8},"end":{"line":512,"column":53}},"78":{"start":{"line":516,"column":8},"end":{"line":516,"column":39}},"79":{"start":{"line":520,"column":8},"end":{"line":520,"column":38}},"80":{"start":{"line":524,"column":8},"end":{"line":524,"column":50}},"81":{"start":{"line":532,"column":8},"end":{"line":532,"column":20347}},"82":{"start":{"line":535,"column":12},"end":{"line":535,"column":41}},"83":{"start":{"line":536,"column":12},"end":{"line":536,"column":20596}},"84":{"start":{"line":537,"column":16},"end":{"line":537,"column":46}},"85":{"start":{"line":539,"column":12},"end":{"line":539,"column":18}},"86":{"start":{"line":542,"column":8},"end":{"line":542,"column":20788}},"87":{"start":{"line":543,"column":12},"end":{"line":543,"column":44}},"88":{"start":{"line":548,"column":8},"end":{"line":548,"column":21061}},"89":{"start":{"line":550,"column":12},"end":{"line":550,"column":41}},"90":{"start":{"line":551,"column":12},"end":{"line":551,"column":21210}},"91":{"start":{"line":552,"column":16},"end":{"line":552,"column":46}},"92":{"start":{"line":554,"column":12},"end":{"line":554,"column":18}},"93":{"start":{"line":557,"column":8},"end":{"line":557,"column":21331}},"94":{"start":{"line":559,"column":12},"end":{"line":559,"column":41}},"95":{"start":{"line":561,"column":12},"end":{"line":561,"column":18}},"96":{"start":{"line":565,"column":8},"end":{"line":565,"column":21601}},"97":{"start":{"line":567,"column":12},"end":{"line":567,"column":41}},"98":{"start":{"line":568,"column":12},"end":{"line":568,"column":42}},"99":{"start":{"line":569,"column":12},"end":{"line":569,"column":18}},"100":{"start":{"line":573,"column":8},"end":{"line":573,"column":21945}},"101":{"start":{"line":574,"column":12},"end":{"line":574,"column":43}},"102":{"start":{"line":577,"column":12},"end":{"line":577,"column":22132}},"103":{"start":{"line":578,"column":16},"end":{"line":578,"column":64}},"104":{"start":{"line":583,"column":8},"end":{"line":583,"column":57}},"105":{"start":{"line":584,"column":8},"end":{"line":584,"column":71}},"106":{"start":{"line":585,"column":8},"end":{"line":585,"column":69}},"107":{"start":{"line":586,"column":8},"end":{"line":586,"column":59}},"108":{"start":{"line":587,"column":8},"end":{"line":587,"column":46}},"109":{"start":{"line":590,"column":8},"end":{"line":590,"column":22728}},"110":{"start":{"line":591,"column":12},"end":{"line":591,"column":52}},"111":{"start":{"line":593,"column":8},"end":{"line":593,"column":22823}},"112":{"start":{"line":594,"column":12},"end":{"line":594,"column":56}},"113":{"start":{"line":596,"column":8},"end":{"line":596,"column":22921}},"114":{"start":{"line":598,"column":12},"end":{"line":598,"column":50}},"115":{"start":{"line":603,"column":8},"end":{"line":603,"column":42}},"116":{"start":{"line":609,"column":8},"end":{"line":609,"column":43}},"117":{"start":{"line":613,"column":8},"end":{"line":613,"column":23496}},"118":{"start":{"line":614,"column":12},"end":{"line":614,"column":73}},"119":{"start":{"line":615,"column":12},"end":{"line":615,"column":69}},"120":{"start":{"line":617,"column":15},"end":{"line":617,"column":23747}},"121":{"start":{"line":618,"column":12},"end":{"line":618,"column":103}},"122":{"start":{"line":619,"column":12},"end":{"line":619,"column":82}},"123":{"start":{"line":620,"column":12},"end":{"line":620,"column":49}},"124":{"start":{"line":625,"column":8},"end":{"line":625,"column":65}},"125":{"start":{"line":626,"column":8},"end":{"line":626,"column":43}},"126":{"start":{"line":626,"column":35},"end":{"line":626,"column":43}},"127":{"start":{"line":628,"column":8},"end":{"line":628,"column":77}},"128":{"start":{"line":629,"column":8},"end":{"line":629,"column":54}},"129":{"start":{"line":631,"column":8},"end":{"line":631,"column":89}},"130":{"start":{"line":633,"column":8},"end":{"line":633,"column":21}},"131":{"start":{"line":637,"column":8},"end":{"line":637,"column":81}},"132":{"start":{"line":639,"column":8},"end":{"line":639,"column":72}},"133":{"start":{"line":640,"column":8},"end":{"line":640,"column":55}},"134":{"start":{"line":642,"column":8},"end":{"line":642,"column":66}},"135":{"start":{"line":644,"column":8},"end":{"line":644,"column":24944}},"136":{"start":{"line":648,"column":12},"end":{"line":648,"column":25106}},"137":{"start":{"line":652,"column":16},"end":{"line":652,"column":59}},"138":{"start":{"line":656,"column":12},"end":{"line":656,"column":62}},"139":{"start":{"line":664,"column":8},"end":{"line":664,"column":25658}},"140":{"start":{"line":673,"column":8},"end":{"line":673,"column":25962}},"141":{"start":{"line":674,"column":12},"end":{"line":674,"column":86}}},"branchMap":{"1":{"line":185,"type":"if","locations":[{"start":{"line":185,"column":8},"end":{"line":185,"column":8}},{"start":{"line":185,"column":8},"end":{"line":185,"column":8}}]},"2":{"line":192,"type":"if","locations":[{"start":{"line":192,"column":8},"end":{"line":192,"column":8}},{"start":{"line":192,"column":8},"end":{"line":192,"column":8}}]},"3":{"line":229,"type":"if","locations":[{"start":{"line":229,"column":8},"end":{"line":229,"column":8}},{"start":{"line":229,"column":8},"end":{"line":229,"column":8}}]},"4":{"line":251,"type":"if","locations":[{"start":{"line":251,"column":8},"end":{"line":251,"column":8}},{"start":{"line":251,"column":8},"end":{"line":251,"column":8}}]},"5":{"line":252,"type":"if","locations":[{"start":{"line":252,"column":8},"end":{"line":252,"column":8}},{"start":{"line":252,"column":8},"end":{"line":252,"column":8}}]},"6":{"line":253,"type":"if","locations":[{"start":{"line":253,"column":8},"end":{"line":253,"column":8}},{"start":{"line":253,"column":8},"end":{"line":253,"column":8}}]},"7":{"line":256,"type":"if","locations":[{"start":{"line":256,"column":8},"end":{"line":256,"column":8}},{"start":{"line":256,"column":8},"end":{"line":256,"column":8}}]},"8":{"line":261,"type":"if","locations":[{"start":{"line":261,"column":8},"end":{"line":261,"column":8}},{"start":{"line":261,"column":8},"end":{"line":261,"column":8}}]},"9":{"line":275,"type":"if","locations":[{"start":{"line":275,"column":8},"end":{"line":275,"column":8}},{"start":{"line":275,"column":8},"end":{"line":275,"column":8}}]},"10":{"line":276,"type":"if","locations":[{"start":{"line":276,"column":8},"end":{"line":276,"column":8}},{"start":{"line":276,"column":8},"end":{"line":276,"column":8}}]},"11":{"line":276,"type":"cond-expr","locations":[{"start":{"line":276,"column":16},"end":{"line":276,"column":37}},{"start":{"line":276,"column":42},"end":{"line":276,"column":62}}]},"12":{"line":278,"type":"if","locations":[{"start":{"line":278,"column":8},"end":{"line":278,"column":8}},{"start":{"line":278,"column":8},"end":{"line":278,"column":8}}]},"13":{"line":279,"type":"if","locations":[{"start":{"line":279,"column":8},"end":{"line":279,"column":8}},{"start":{"line":279,"column":8},"end":{"line":279,"column":8}}]},"14":{"line":280,"type":"if","locations":[{"start":{"line":280,"column":8},"end":{"line":280,"column":8}},{"start":{"line":280,"column":8},"end":{"line":280,"column":8}}]},"15":{"line":285,"type":"if","locations":[{"start":{"line":285,"column":8},"end":{"line":285,"column":8}},{"start":{"line":285,"column":8},"end":{"line":285,"column":8}}]},"16":{"line":286,"type":"if","locations":[{"start":{"line":286,"column":8},"end":{"line":286,"column":8}},{"start":{"line":286,"column":8},"end":{"line":286,"column":8}}]},"17":{"line":299,"type":"if","locations":[{"start":{"line":299,"column":53},"end":{"line":299,"column":53}},{"start":{"line":299,"column":53},"end":{"line":299,"column":53}}]},"18":{"line":307,"type":"if","locations":[{"start":{"line":307,"column":68},"end":{"line":307,"column":68}},{"start":{"line":307,"column":68},"end":{"line":307,"column":68}}]},"19":{"line":317,"type":"if","locations":[{"start":{"line":317,"column":62},"end":{"line":317,"column":62}},{"start":{"line":317,"column":62},"end":{"line":317,"column":62}}]},"20":{"line":330,"type":"if","locations":[{"start":{"line":330,"column":15},"end":{"line":330,"column":15}},{"start":{"line":330,"column":15},"end":{"line":330,"column":15}}]},"21":{"line":357,"type":"if","locations":[{"start":{"line":357,"column":8},"end":{"line":357,"column":8}},{"start":{"line":357,"column":8},"end":{"line":357,"column":8}}]},"22":{"line":358,"type":"if","locations":[{"start":{"line":358,"column":12},"end":{"line":358,"column":12}},{"start":{"line":358,"column":12},"end":{"line":358,"column":12}}]},"23":{"line":359,"type":"if","locations":[{"start":{"line":359,"column":12},"end":{"line":359,"column":12}},{"start":{"line":359,"column":12},"end":{"line":359,"column":12}}]},"24":{"line":360,"type":"if","locations":[{"start":{"line":360,"column":12},"end":{"line":360,"column":12}},{"start":{"line":360,"column":12},"end":{"line":360,"column":12}}]},"25":{"line":373,"type":"if","locations":[{"start":{"line":373,"column":15},"end":{"line":373,"column":15}},{"start":{"line":373,"column":15},"end":{"line":373,"column":15}}]},"26":{"line":403,"type":"if","locations":[{"start":{"line":403,"column":8},"end":{"line":403,"column":8}},{"start":{"line":403,"column":8},"end":{"line":403,"column":8}}]},"27":{"line":408,"type":"if","locations":[{"start":{"line":408,"column":8},"end":{"line":408,"column":8}},{"start":{"line":408,"column":8},"end":{"line":408,"column":8}}]},"28":{"line":421,"type":"if","locations":[{"start":{"line":421,"column":57},"end":{"line":421,"column":57}},{"start":{"line":421,"column":57},"end":{"line":421,"column":57}}]},"29":{"line":422,"type":"if","locations":[{"start":{"line":422,"column":8},"end":{"line":422,"column":8}},{"start":{"line":422,"column":8},"end":{"line":422,"column":8}}]},"30":{"line":423,"type":"if","locations":[{"start":{"line":423,"column":8},"end":{"line":423,"column":8}},{"start":{"line":423,"column":8},"end":{"line":423,"column":8}}]},"31":{"line":436,"type":"if","locations":[{"start":{"line":436,"column":15},"end":{"line":436,"column":15}},{"start":{"line":436,"column":15},"end":{"line":436,"column":15}}]},"32":{"line":437,"type":"if","locations":[{"start":{"line":437,"column":8},"end":{"line":437,"column":8}},{"start":{"line":437,"column":8},"end":{"line":437,"column":8}}]},"33":{"line":446,"type":"if","locations":[{"start":{"line":446,"column":65},"end":{"line":446,"column":65}},{"start":{"line":446,"column":65},"end":{"line":446,"column":65}}]},"34":{"line":451,"type":"if","locations":[{"start":{"line":451,"column":39},"end":{"line":451,"column":39}},{"start":{"line":451,"column":39},"end":{"line":451,"column":39}}]},"35":{"line":456,"type":"if","locations":[{"start":{"line":456,"column":41},"end":{"line":456,"column":41}},{"start":{"line":456,"column":41},"end":{"line":456,"column":41}}]},"36":{"line":466,"type":"if","locations":[{"start":{"line":466,"column":54},"end":{"line":466,"column":54}},{"start":{"line":466,"column":54},"end":{"line":466,"column":54}}]},"37":{"line":467,"type":"if","locations":[{"start":{"line":467,"column":8},"end":{"line":467,"column":8}},{"start":{"line":467,"column":8},"end":{"line":467,"column":8}}]},"38":{"line":476,"type":"if","locations":[{"start":{"line":476,"column":83},"end":{"line":476,"column":83}},{"start":{"line":476,"column":83},"end":{"line":476,"column":83}}]},"39":{"line":477,"type":"if","locations":[{"start":{"line":477,"column":8},"end":{"line":477,"column":8}},{"start":{"line":477,"column":8},"end":{"line":477,"column":8}}]},"40":{"line":478,"type":"if","locations":[{"start":{"line":478,"column":8},"end":{"line":478,"column":8}},{"start":{"line":478,"column":8},"end":{"line":478,"column":8}}]},"41":{"line":479,"type":"cond-expr","locations":[{"start":{"line":479,"column":12},"end":{"line":479,"column":37}},{"start":{"line":480,"column":12},"end":{"line":480,"column":37}}]},"42":{"line":479,"type":"cond-expr","locations":[{"start":{"line":479,"column":12},"end":{"line":480,"column":37}},{"start":{"line":481,"column":12},"end":{"line":481,"column":38}}]},"43":{"line":479,"type":"cond-expr","locations":[{"start":{"line":479,"column":12},"end":{"line":481,"column":38}},{"start":{"line":482,"column":12},"end":{"line":482,"column":38}}]},"44":{"line":485,"type":"if","locations":[{"start":{"line":485,"column":8},"end":{"line":485,"column":8}},{"start":{"line":485,"column":8},"end":{"line":485,"column":8}}]},"45":{"line":501,"type":"if","locations":[{"start":{"line":501,"column":50},"end":{"line":501,"column":50}},{"start":{"line":501,"column":50},"end":{"line":501,"column":50}}]},"46":{"line":502,"type":"if","locations":[{"start":{"line":502,"column":8},"end":{"line":502,"column":8}},{"start":{"line":502,"column":8},"end":{"line":502,"column":8}}]},"47":{"line":504,"type":"if","locations":[{"start":{"line":504,"column":8},"end":{"line":504,"column":8}},{"start":{"line":504,"column":8},"end":{"line":504,"column":8}}]},"48":{"line":505,"type":"if","locations":[{"start":{"line":505,"column":8},"end":{"line":505,"column":8}},{"start":{"line":505,"column":8},"end":{"line":505,"column":8}}]},"49":{"line":515,"type":"if","locations":[{"start":{"line":515,"column":55},"end":{"line":515,"column":55}},{"start":{"line":515,"column":55},"end":{"line":515,"column":55}}]},"50":{"line":531,"type":"if","locations":[{"start":{"line":531,"column":80},"end":{"line":531,"column":80}},{"start":{"line":531,"column":80},"end":{"line":531,"column":80}}]},"51":{"line":532,"type":"if","locations":[{"start":{"line":532,"column":8},"end":{"line":532,"column":8}},{"start":{"line":532,"column":8},"end":{"line":532,"column":8}}]},"52":{"line":536,"type":"if","locations":[{"start":{"line":536,"column":12},"end":{"line":536,"column":12}},{"start":{"line":536,"column":12},"end":{"line":536,"column":12}}]},"53":{"line":542,"type":"if","locations":[{"start":{"line":542,"column":8},"end":{"line":542,"column":8}},{"start":{"line":542,"column":8},"end":{"line":542,"column":8}}]},"54":{"line":548,"type":"if","locations":[{"start":{"line":548,"column":8},"end":{"line":548,"column":8}},{"start":{"line":548,"column":8},"end":{"line":548,"column":8}}]},"55":{"line":551,"type":"if","locations":[{"start":{"line":551,"column":12},"end":{"line":551,"column":12}},{"start":{"line":551,"column":12},"end":{"line":551,"column":12}}]},"56":{"line":557,"type":"if","locations":[{"start":{"line":557,"column":8},"end":{"line":557,"column":8}},{"start":{"line":557,"column":8},"end":{"line":557,"column":8}}]},"57":{"line":565,"type":"if","locations":[{"start":{"line":565,"column":8},"end":{"line":565,"column":8}},{"start":{"line":565,"column":8},"end":{"line":565,"column":8}}]},"58":{"line":565,"type":"cond-expr","locations":[{"start":{"line":565,"column":12},"end":{"line":565,"column":26}},{"start":{"line":565,"column":31},"end":{"line":565,"column":47}}]},"59":{"line":565,"type":"cond-expr","locations":[{"start":{"line":565,"column":12},"end":{"line":565,"column":47}},{"start":{"line":565,"column":52},"end":{"line":565,"column":66}}]},"60":{"line":573,"type":"if","locations":[{"start":{"line":573,"column":8},"end":{"line":573,"column":8}},{"start":{"line":573,"column":8},"end":{"line":573,"column":8}}]},"61":{"line":577,"type":"if","locations":[{"start":{"line":577,"column":12},"end":{"line":577,"column":12}},{"start":{"line":577,"column":12},"end":{"line":577,"column":12}}]},"62":{"line":578,"type":"if","locations":[{"start":{"line":578,"column":16},"end":{"line":578,"column":16}},{"start":{"line":578,"column":16},"end":{"line":578,"column":16}}]},"63":{"line":590,"type":"if","locations":[{"start":{"line":590,"column":8},"end":{"line":590,"column":8}},{"start":{"line":590,"column":8},"end":{"line":590,"column":8}}]},"64":{"line":593,"type":"if","locations":[{"start":{"line":593,"column":8},"end":{"line":593,"column":8}},{"start":{"line":593,"column":8},"end":{"line":593,"column":8}}]},"65":{"line":596,"type":"if","locations":[{"start":{"line":596,"column":8},"end":{"line":596,"column":8}},{"start":{"line":596,"column":8},"end":{"line":596,"column":8}}]},"66":{"line":613,"type":"if","locations":[{"start":{"line":613,"column":8},"end":{"line":613,"column":8}},{"start":{"line":613,"column":8},"end":{"line":613,"column":8}}]},"67":{"line":615,"type":"if","locations":[{"start":{"line":615,"column":12},"end":{"line":615,"column":12}},{"start":{"line":615,"column":12},"end":{"line":615,"column":12}}]},"68":{"line":617,"type":"if","locations":[{"start":{"line":617,"column":15},"end":{"line":617,"column":15}},{"start":{"line":617,"column":15},"end":{"line":617,"column":15}}]},"69":{"line":619,"type":"if","locations":[{"start":{"line":619,"column":12},"end":{"line":619,"column":12}},{"start":{"line":619,"column":12},"end":{"line":619,"column":12}}]},"70":{"line":626,"type":"if","locations":[{"start":{"line":626,"column":8},"end":{"line":626,"column":8}},{"start":{"line":626,"column":8},"end":{"line":626,"column":8}}]},"71":{"line":637,"type":"if","locations":[{"start":{"line":637,"column":8},"end":{"line":637,"column":8}},{"start":{"line":637,"column":8},"end":{"line":637,"column":8}}]},"72":{"line":640,"type":"if","locations":[{"start":{"line":640,"column":8},"end":{"line":640,"column":8}},{"start":{"line":640,"column":8},"end":{"line":640,"column":8}}]},"73":{"line":644,"type":"if","locations":[{"start":{"line":644,"column":8},"end":{"line":644,"column":8}},{"start":{"line":644,"column":8},"end":{"line":644,"column":8}}]},"74":{"line":648,"type":"if","locations":[{"start":{"line":648,"column":12},"end":{"line":648,"column":12}},{"start":{"line":648,"column":12},"end":{"line":648,"column":12}}]},"75":{"line":664,"type":"if","locations":[{"start":{"line":664,"column":8},"end":{"line":664,"column":8}},{"start":{"line":664,"column":8},"end":{"line":664,"column":8}}]},"76":{"line":673,"type":"if","locations":[{"start":{"line":673,"column":8},"end":{"line":673,"column":8}},{"start":{"line":673,"column":8},"end":{"line":673,"column":8}}]},"77":{"line":674,"type":"if","locations":[{"start":{"line":674,"column":12},"end":{"line":674,"column":12}},{"start":{"line":674,"column":12},"end":{"line":674,"column":12}}]}}},"contracts/FIACoinV6Upgradeable.sol":{"l":{"150":0,"158":0,"159":0,"160":0,"161":0,"162":0,"164":0,"165":0,"166":0,"169":0,"170":0,"171":0,"172":0,"175":0,"183":0,"184":0,"185":0,"188":0,"201":0,"209":0,"210":0,"212":0,"213":0,"214":0,"216":0,"220":0,"221":0,"225":0,"226":0,"234":0,"235":0,"242":0,"244":0,"246":0,"254":0,"255":0,"259":0,"263":0,"264":0,"265":0,"266":0,"267":0,"276":0,"278":0,"279":0},"path":"/Users/davide.patrucco/Desktop/Personal/finger/fia-hardhat/contracts/FIACoinV6Upgradeable.sol","s":{"1":0,"2":0,"3":0,"4":0,"5":0,"6":0,"7":0,"8":0,"9":0,"10":0,"11":0,"12":0,"13":0,"14":0,"15":0,"16":0,"17":0,"18":0,"19":0,"20":0,"21":0,"22":0,"23":0,"24":0,"25":0,"26":0,"27":0,"28":0,"29":0,"30":0,"31":0,"32":0,"33":0,"34":0,"35":0},"b":{"1":[0,0],"2":[0,0],"3":[0,0],"4":[0,0],"5":[0,0],"6":[0,0],"7":[0,0],"8":[0,0],"9":[0,0],"10":[0,0],"11":[0,0],"12":[0,0],"13":[0,0],"14":[0,0],"15":[0,0],"16":[0,0],"17":[0,0],"18":[0,0],"19":[0,0],"20":[0,0]},"f":{"1":0,"2":0,"3":0,"4":0,"5":0,"6":0,"7":0,"8":0,"9":0,"10":0,"11":0},"fnMap":{"1":{"name":"constructor","line":149,"loc":{"start":{"line":149,"column":4},"end":{"line":151,"column":4}}},"2":{"name":"initialize","line":157,"loc":{"start":{"line":153,"column":4},"end":{"line":189,"column":4}}},"3":{"name":"_authorizeUpgrade","line":195,"loc":{"start":{"line":195,"column":4},"end":{"line":195,"column":87}}},"4":{"name":"version","line":200,"loc":{"start":{"line":200,"column":4},"end":{"line":202,"column":4}}},"5":{"name":"setTotalFeeBP","line":208,"loc":{"start":{"line":208,"column":4},"end":{"line":217,"column":4}}},"6":{"name":"emergencyPause","line":219,"loc":{"start":{"line":219,"column":4},"end":{"line":222,"column":4}}},"7":{"name":"emergencyUnpause","line":224,"loc":{"start":{"line":224,"column":4},"end":{"line":227,"column":4}}},"8":{"name":"stake","line":233,"loc":{"start":{"line":233,"column":4},"end":{"line":256,"column":4}}},"9":{"name":"getStakeCount","line":258,"loc":{"start":{"line":258,"column":4},"end":{"line":260,"column":4}}},"10":{"name":"stakingAPY","line":262,"loc":{"start":{"line":262,"column":4},"end":{"line":268,"column":4}}},"11":{"name":"_update","line":274,"loc":{"start":{"line":274,"column":4},"end":{"line":281,"column":4}}}},"statementMap":{"1":{"start":{"line":150,"column":8},"end":{"line":150,"column":29}},"2":{"start":{"line":158,"column":8},"end":{"line":158,"column":33}},"3":{"start":{"line":159,"column":8},"end":{"line":159,"column":35}},"4":{"start":{"line":160,"column":8},"end":{"line":160,"column":24}},"5":{"start":{"line":161,"column":8},"end":{"line":161,"column":31}},"6":{"start":{"line":162,"column":8},"end":{"line":162,"column":31}},"7":{"start":{"line":188,"column":8},"end":{"line":188,"column":40}},"8":{"start":{"line":201,"column":8},"end":{"line":201,"column":22}},"9":{"start":{"line":209,"column":8},"end":{"line":209,"column":70}},"10":{"start":{"line":210,"column":8},"end":{"line":210,"column":94}},"11":{"start":{"line":212,"column":8},"end":{"line":212,"column":35}},"12":{"start":{"line":216,"column":8},"end":{"line":216,"column":57}},"13":{"start":{"line":220,"column":8},"end":{"line":220,"column":15}},"14":{"start":{"line":221,"column":8},"end":{"line":221,"column":51}},"15":{"start":{"line":225,"column":8},"end":{"line":225,"column":17}},"16":{"start":{"line":226,"column":8},"end":{"line":226,"column":53}},"17":{"start":{"line":234,"column":8},"end":{"line":234,"column":59}},"18":{"start":{"line":235,"column":8},"end":{"line":235,"column":8513}},"19":{"start":{"line":242,"column":8},"end":{"line":242,"column":73}},"20":{"start":{"line":244,"column":8},"end":{"line":244,"column":53}},"21":{"start":{"line":246,"column":8},"end":{"line":246,"column":8890}},"22":{"start":{"line":255,"column":8},"end":{"line":255,"column":90}},"23":{"start":{"line":259,"column":8},"end":{"line":259,"column":38}},"24":{"start":{"line":263,"column":8},"end":{"line":263,"column":50}},"25":{"start":{"line":263,"column":40},"end":{"line":263,"column":50}},"26":{"start":{"line":264,"column":8},"end":{"line":264,"column":50}},"27":{"start":{"line":264,"column":40},"end":{"line":264,"column":50}},"28":{"start":{"line":265,"column":8},"end":{"line":265,"column":51}},"29":{"start":{"line":265,"column":41},"end":{"line":265,"column":51}},"30":{"start":{"line":266,"column":8},"end":{"line":266,"column":51}},"31":{"start":{"line":266,"column":41},"end":{"line":266,"column":51}},"32":{"start":{"line":267,"column":8},"end":{"line":267,"column":16}},"33":{"start":{"line":276,"column":8},"end":{"line":276,"column":37}},"34":{"start":{"line":278,"column":8},"end":{"line":278,"column":10150}},"35":{"start":{"line":279,"column":12},"end":{"line":279,"column":42}}},"branchMap":{"1":{"line":157,"type":"if","locations":[{"start":{"line":157,"column":13},"end":{"line":157,"column":13}},{"start":{"line":157,"column":13},"end":{"line":157,"column":13}}]},"2":{"line":195,"type":"if","locations":[{"start":{"line":195,"column":76},"end":{"line":195,"column":76}},{"start":{"line":195,"column":76},"end":{"line":195,"column":76}}]},"3":{"line":208,"type":"if","locations":[{"start":{"line":208,"column":57},"end":{"line":208,"column":57}},{"start":{"line":208,"column":57},"end":{"line":208,"column":57}}]},"4":{"line":209,"type":"if","locations":[{"start":{"line":209,"column":8},"end":{"line":209,"column":8}},{"start":{"line":209,"column":8},"end":{"line":209,"column":8}}]},"5":{"line":210,"type":"if","locations":[{"start":{"line":210,"column":8},"end":{"line":210,"column":8}},{"start":{"line":210,"column":8},"end":{"line":210,"column":8}}]},"6":{"line":219,"type":"if","locations":[{"start":{"line":219,"column":39},"end":{"line":219,"column":39}},{"start":{"line":219,"column":39},"end":{"line":219,"column":39}}]},"7":{"line":224,"type":"if","locations":[{"start":{"line":224,"column":41},"end":{"line":224,"column":41}},{"start":{"line":224,"column":41},"end":{"line":224,"column":41}}]},"8":{"line":233,"type":"if","locations":[{"start":{"line":233,"column":83},"end":{"line":233,"column":83}},{"start":{"line":233,"column":83},"end":{"line":233,"column":83}}]},"9":{"line":234,"type":"if","locations":[{"start":{"line":234,"column":8},"end":{"line":234,"column":8}},{"start":{"line":234,"column":8},"end":{"line":234,"column":8}}]},"10":{"line":235,"type":"if","locations":[{"start":{"line":235,"column":8},"end":{"line":235,"column":8}},{"start":{"line":235,"column":8},"end":{"line":235,"column":8}}]},"11":{"line":236,"type":"cond-expr","locations":[{"start":{"line":236,"column":12},"end":{"line":236,"column":37}},{"start":{"line":237,"column":12},"end":{"line":237,"column":37}}]},"12":{"line":236,"type":"cond-expr","locations":[{"start":{"line":236,"column":12},"end":{"line":237,"column":37}},{"start":{"line":238,"column":12},"end":{"line":238,"column":38}}]},"13":{"line":236,"type":"cond-expr","locations":[{"start":{"line":236,"column":12},"end":{"line":238,"column":38}},{"start":{"line":239,"column":12},"end":{"line":239,"column":38}}]},"14":{"line":242,"type":"if","locations":[{"start":{"line":242,"column":8},"end":{"line":242,"column":8}},{"start":{"line":242,"column":8},"end":{"line":242,"column":8}}]},"15":{"line":263,"type":"if","locations":[{"start":{"line":263,"column":8},"end":{"line":263,"column":8}},{"start":{"line":263,"column":8},"end":{"line":263,"column":8}}]},"16":{"line":264,"type":"if","locations":[{"start":{"line":264,"column":8},"end":{"line":264,"column":8}},{"start":{"line":264,"column":8},"end":{"line":264,"column":8}}]},"17":{"line":265,"type":"if","locations":[{"start":{"line":265,"column":8},"end":{"line":265,"column":8}},{"start":{"line":265,"column":8},"end":{"line":265,"column":8}}]},"18":{"line":266,"type":"if","locations":[{"start":{"line":266,"column":8},"end":{"line":266,"column":8}},{"start":{"line":266,"column":8},"end":{"line":266,"column":8}}]},"19":{"line":274,"type":"if","locations":[{"start":{"line":274,"column":80},"end":{"line":274,"column":80}},{"start":{"line":274,"column":80},"end":{"line":274,"column":80}}]},"20":{"line":278,"type":"if","locations":[{"start":{"line":278,"column":8},"end":{"line":278,"column":8}},{"start":{"line":278,"column":8},"end":{"line":278,"column":8}}]}}},"contracts/FIACoinV7Upgradeable.sol":{"l":{"41":0,"44":0,"45":0,"46":0,"48":0,"49":0,"56":0,"68":0,"70":0,"73":0,"74":0,"77":0,"78":0,"80":0,"81":0,"82":0,"86":0,"87":0,"89":0,"90":0,"93":0,"96":0,"97":0,"101":0,"104":0,"111":0,"113":0,"114":0,"116":0,"117":0,"119":0,"121":0,"122":0,"125":0,"126":0,"127":0,"130":0,"131":0,"133":0,"135":0,"139":0,"140":0,"141":0,"142":0,"146":0,"148":0,"149":0,"150":0,"162":0,"163":0,"164":0,"171":0,"173":0,"174":0,"176":0,"183":0,"185":0,"186":0,"189":0,"190":0,"192":0,"203":0,"204":0,"206":0,"207":0,"208":0,"211":0,"213":0,"215":0,"216":0,"217":0,"225":0,"233":0,"234":0,"237":0,"249":0,"250":0,"252":0,"253":0,"254":0,"255":0,"256":0,"258":0,"259":0,"260":0,"265":0,"281":0,"282":0,"285":0,"287":0,"288":0,"289":0,"290":0,"291":0,"292":0,"293":0,"295":0,"297":0},"path":"/Users/davide.patrucco/Desktop/Personal/finger/fia-hardhat/contracts/FIACoinV7Upgradeable.sol","s":{"1":0,"2":0,"3":0,"4":0,"5":0,"6":0,"7":0,"8":0,"9":0,"10":0,"11":0,"12":0,"13":0,"14":0,"15":0,"16":0,"17":0,"18":0,"19":0,"20":0,"21":0,"22":0,"23":0,"24":0,"25":0,"26":0,"27":0,"28":0,"29":0,"30":0,"31":0,"32":0,"33":0,"34":0,"35":0,"36":0,"37":0,"38":0,"39":0,"40":0,"41":0,"42":0,"43":0,"44":0,"45":0,"46":0,"47":0,"48":0,"49":0,"50":0,"51":0,"52":0,"53":0,"54":0,"55":0,"56":0,"57":0,"58":0,"59":0,"60":0,"61":0,"62":0,"63":0,"64":0,"65":0,"66":0,"67":0,"68":0,"69":0},"b":{"1":[0,0],"2":[0,0],"3":[0,0],"4":[0,0],"5":[0,0],"6":[0,0],"7":[0,0],"8":[0,0],"9":[0,0],"10":[0,0],"11":[0,0],"12":[0,0],"13":[0,0],"14":[0,0],"15":[0,0],"16":[0,0],"17":[0,0],"18":[0,0],"19":[0,0],"20":[0,0],"21":[0,0],"22":[0,0],"23":[0,0],"24":[0,0],"25":[0,0],"26":[0,0],"27":[0,0],"28":[0,0],"29":[0,0],"30":[0,0],"31":[0,0],"32":[0,0]},"f":{"1":0,"2":0,"3":0,"4":0,"5":0,"6":0,"7":0,"8":0,"9":0,"10":0},"fnMap":{"1":{"name":"initializeV7","line":40,"loc":{"start":{"line":40,"column":4},"end":{"line":50,"column":4}}},"2":{"name":"version","line":55,"loc":{"start":{"line":55,"column":4},"end":{"line":57,"column":4}}},"3":{"name":"calculateRewards","line":67,"loc":{"start":{"line":67,"column":4},"end":{"line":105,"column":4}}},"4":{"name":"unstake","line":110,"loc":{"start":{"line":110,"column":4},"end":{"line":152,"column":4}}},"5":{"name":"setEmergencyWithdrawal","line":161,"loc":{"start":{"line":161,"column":4},"end":{"line":165,"column":4}}},"6":{"name":"configureDynamicAPY","line":170,"loc":{"start":{"line":170,"column":4},"end":{"line":177,"column":4}}},"7":{"name":"getEffectiveAPY","line":182,"loc":{"start":{"line":182,"column":4},"end":{"line":193,"column":4}}},"8":{"name":"batchStake","line":202,"loc":{"start":{"line":198,"column":4},"end":{"line":238,"column":4}}},"9":{"name":"getUserStakingInfo","line":243,"loc":{"start":{"line":243,"column":4},"end":{"line":266,"column":4}}},"10":{"name":"proposeWithAutoExecution","line":275,"loc":{"start":{"line":275,"column":4},"end":{"line":298,"column":4}}}},"statementMap":{"1":{"start":{"line":41,"column":8},"end":{"line":41,"column":60}},"2":{"start":{"line":48,"column":8},"end":{"line":48,"column":69}},"3":{"start":{"line":49,"column":8},"end":{"line":49,"column":55}},"4":{"start":{"line":56,"column":8},"end":{"line":56,"column":22}},"5":{"start":{"line":68,"column":8},"end":{"line":68,"column":75}},"6":{"start":{"line":70,"column":8},"end":{"line":70,"column":66}},"7":{"start":{"line":73,"column":8},"end":{"line":73,"column":77}},"8":{"start":{"line":74,"column":8},"end":{"line":74,"column":63}},"9":{"start":{"line":77,"column":8},"end":{"line":77,"column":38}},"10":{"start":{"line":78,"column":8},"end":{"line":78,"column":3070}},"11":{"start":{"line":80,"column":12},"end":{"line":80,"column":72}},"12":{"start":{"line":81,"column":12},"end":{"line":81,"column":46}},"13":{"start":{"line":86,"column":8},"end":{"line":86,"column":22}},"14":{"start":{"line":87,"column":8},"end":{"line":87,"column":3562}},"15":{"start":{"line":89,"column":12},"end":{"line":89,"column":53}},"16":{"start":{"line":90,"column":12},"end":{"line":90,"column":50}},"17":{"start":{"line":96,"column":12},"end":{"line":96,"column":4045}},"18":{"start":{"line":104,"column":8},"end":{"line":104,"column":21}},"19":{"start":{"line":111,"column":8},"end":{"line":111,"column":81}},"20":{"start":{"line":113,"column":8},"end":{"line":113,"column":72}},"21":{"start":{"line":114,"column":8},"end":{"line":114,"column":63}},"22":{"start":{"line":116,"column":8},"end":{"line":116,"column":89}},"23":{"start":{"line":117,"column":8},"end":{"line":117,"column":70}},"24":{"start":{"line":119,"column":8},"end":{"line":119,"column":108}},"25":{"start":{"line":121,"column":8},"end":{"line":121,"column":41}},"26":{"start":{"line":122,"column":8},"end":{"line":122,"column":26}},"27":{"start":{"line":125,"column":8},"end":{"line":125,"column":5171}},"28":{"start":{"line":127,"column":12},"end":{"line":127,"column":56}},"29":{"start":{"line":130,"column":12},"end":{"line":130,"column":41}},"30":{"start":{"line":135,"column":12},"end":{"line":135,"column":65}},"31":{"start":{"line":141,"column":8},"end":{"line":141,"column":5749}},"32":{"start":{"line":146,"column":8},"end":{"line":146,"column":60}},"33":{"start":{"line":148,"column":8},"end":{"line":148,"column":53}},"34":{"start":{"line":149,"column":8},"end":{"line":149,"column":5982}},"35":{"start":{"line":150,"column":12},"end":{"line":150,"column":62}},"36":{"start":{"line":163,"column":8},"end":{"line":163,"column":60}},"37":{"start":{"line":164,"column":8},"end":{"line":164,"column":64}},"38":{"start":{"line":171,"column":8},"end":{"line":171,"column":99}},"39":{"start":{"line":176,"column":8},"end":{"line":176,"column":51}},"40":{"start":{"line":183,"column":8},"end":{"line":183,"column":53}},"41":{"start":{"line":185,"column":8},"end":{"line":185,"column":7284}},"42":{"start":{"line":186,"column":12},"end":{"line":186,"column":26}},"43":{"start":{"line":189,"column":8},"end":{"line":189,"column":68}},"44":{"start":{"line":190,"column":8},"end":{"line":190,"column":42}},"45":{"start":{"line":192,"column":8},"end":{"line":192,"column":62}},"46":{"start":{"line":203,"column":8},"end":{"line":203,"column":119}},"47":{"start":{"line":204,"column":8},"end":{"line":204,"column":64}},"48":{"start":{"line":206,"column":8},"end":{"line":206,"column":31}},"49":{"start":{"line":207,"column":8},"end":{"line":207,"column":8035}},"50":{"start":{"line":211,"column":8},"end":{"line":211,"column":76}},"51":{"start":{"line":213,"column":8},"end":{"line":213,"column":56}},"52":{"start":{"line":215,"column":8},"end":{"line":215,"column":8304}},"53":{"start":{"line":216,"column":12},"end":{"line":216,"column":67}},"54":{"start":{"line":217,"column":12},"end":{"line":217,"column":8437}},"55":{"start":{"line":225,"column":12},"end":{"line":225,"column":8729}},"56":{"start":{"line":234,"column":12},"end":{"line":234,"column":98}},"57":{"start":{"line":237,"column":8},"end":{"line":237,"column":52}},"58":{"start":{"line":249,"column":8},"end":{"line":249,"column":53}},"59":{"start":{"line":250,"column":8},"end":{"line":250,"column":44}},"60":{"start":{"line":252,"column":8},"end":{"line":252,"column":9635}},"61":{"start":{"line":253,"column":12},"end":{"line":253,"column":9697}},"62":{"start":{"line":258,"column":16},"end":{"line":258,"column":81}},"63":{"start":{"line":259,"column":16},"end":{"line":259,"column":10001}},"64":{"start":{"line":281,"column":8},"end":{"line":281,"column":78}},"65":{"start":{"line":282,"column":8},"end":{"line":282,"column":69}},"66":{"start":{"line":285,"column":8},"end":{"line":285,"column":44}},"67":{"start":{"line":287,"column":8},"end":{"line":287,"column":57}},"68":{"start":{"line":295,"column":8},"end":{"line":295,"column":66}},"69":{"start":{"line":297,"column":8},"end":{"line":297,"column":25}}},"branchMap":{"1":{"line":40,"type":"if","locations":[{"start":{"line":40,"column":35},"end":{"line":40,"column":35}},{"start":{"line":40,"column":35},"end":{"line":40,"column":35}}]},"2":{"line":41,"type":"if","locations":[{"start":{"line":41,"column":8},"end":{"line":41,"column":8}},{"start":{"line":41,"column":8},"end":{"line":41,"column":8}}]},"3":{"line":68,"type":"if","locations":[{"start":{"line":68,"column":8},"end":{"line":68,"column":8}},{"start":{"line":68,"column":8},"end":{"line":68,"column":8}}]},"4":{"line":78,"type":"if","locations":[{"start":{"line":78,"column":8},"end":{"line":78,"column":8}},{"start":{"line":78,"column":8},"end":{"line":78,"column":8}}]},"5":{"line":87,"type":"if","locations":[{"start":{"line":87,"column":8},"end":{"line":87,"column":8}},{"start":{"line":87,"column":8},"end":{"line":87,"column":8}}]},"6":{"line":96,"type":"if","locations":[{"start":{"line":96,"column":12},"end":{"line":96,"column":12}},{"start":{"line":96,"column":12},"end":{"line":96,"column":12}}]},"7":{"line":110,"type":"if","locations":[{"start":{"line":110,"column":50},"end":{"line":110,"column":50}},{"start":{"line":110,"column":50},"end":{"line":110,"column":50}}]},"8":{"line":111,"type":"if","locations":[{"start":{"line":111,"column":8},"end":{"line":111,"column":8}},{"start":{"line":111,"column":8},"end":{"line":111,"column":8}}]},"9":{"line":114,"type":"if","locations":[{"start":{"line":114,"column":8},"end":{"line":114,"column":8}},{"start":{"line":114,"column":8},"end":{"line":114,"column":8}}]},"10":{"line":119,"type":"if","locations":[{"start":{"line":119,"column":8},"end":{"line":119,"column":8}},{"start":{"line":119,"column":8},"end":{"line":119,"column":8}}]},"11":{"line":119,"type":"cond-expr","locations":[{"start":{"line":119,"column":16},"end":{"line":119,"column":25}},{"start":{"line":119,"column":30},"end":{"line":119,"column":45}}]},"12":{"line":125,"type":"if","locations":[{"start":{"line":125,"column":8},"end":{"line":125,"column":8}},{"start":{"line":125,"column":8},"end":{"line":125,"column":8}}]},"13":{"line":127,"type":"if","locations":[{"start":{"line":127,"column":12},"end":{"line":127,"column":12}},{"start":{"line":127,"column":12},"end":{"line":127,"column":12}}]},"14":{"line":141,"type":"if","locations":[{"start":{"line":141,"column":8},"end":{"line":141,"column":8}},{"start":{"line":141,"column":8},"end":{"line":141,"column":8}}]},"15":{"line":149,"type":"if","locations":[{"start":{"line":149,"column":8},"end":{"line":149,"column":8}},{"start":{"line":149,"column":8},"end":{"line":149,"column":8}}]},"16":{"line":170,"type":"if","locations":[{"start":{"line":170,"column":76},"end":{"line":170,"column":76}},{"start":{"line":170,"column":76},"end":{"line":170,"column":76}}]},"17":{"line":171,"type":"if","locations":[{"start":{"line":171,"column":8},"end":{"line":171,"column":8}},{"start":{"line":171,"column":8},"end":{"line":171,"column":8}}]},"18":{"line":185,"type":"if","locations":[{"start":{"line":185,"column":8},"end":{"line":185,"column":8}},{"start":{"line":185,"column":8},"end":{"line":185,"column":8}}]},"19":{"line":202,"type":"if","locations":[{"start":{"line":202,"column":15},"end":{"line":202,"column":15}},{"start":{"line":202,"column":15},"end":{"line":202,"column":15}}]},"20":{"line":203,"type":"if","locations":[{"start":{"line":203,"column":8},"end":{"line":203,"column":8}},{"start":{"line":203,"column":8},"end":{"line":203,"column":8}}]},"21":{"line":204,"type":"if","locations":[{"start":{"line":204,"column":8},"end":{"line":204,"column":8}},{"start":{"line":204,"column":8},"end":{"line":204,"column":8}}]},"22":{"line":211,"type":"if","locations":[{"start":{"line":211,"column":8},"end":{"line":211,"column":8}},{"start":{"line":211,"column":8},"end":{"line":211,"column":8}}]},"23":{"line":216,"type":"if","locations":[{"start":{"line":216,"column":12},"end":{"line":216,"column":12}},{"start":{"line":216,"column":12},"end":{"line":216,"column":12}}]},"24":{"line":217,"type":"if","locations":[{"start":{"line":217,"column":12},"end":{"line":217,"column":12}},{"start":{"line":217,"column":12},"end":{"line":217,"column":12}}]},"25":{"line":218,"type":"cond-expr","locations":[{"start":{"line":218,"column":16},"end":{"line":218,"column":45}},{"start":{"line":219,"column":16},"end":{"line":219,"column":45}}]},"26":{"line":218,"type":"cond-expr","locations":[{"start":{"line":218,"column":16},"end":{"line":219,"column":45}},{"start":{"line":220,"column":16},"end":{"line":220,"column":46}}]},"27":{"line":218,"type":"cond-expr","locations":[{"start":{"line":218,"column":16},"end":{"line":220,"column":46}},{"start":{"line":221,"column":16},"end":{"line":221,"column":46}}]},"28":{"line":253,"type":"if","locations":[{"start":{"line":253,"column":12},"end":{"line":253,"column":12}},{"start":{"line":253,"column":12},"end":{"line":253,"column":12}}]},"29":{"line":259,"type":"if","locations":[{"start":{"line":259,"column":16},"end":{"line":259,"column":16}},{"start":{"line":259,"column":16},"end":{"line":259,"column":16}}]},"30":{"line":265,"type":"if","locations":[{"start":{"line":265,"column":57},"end":{"line":265,"column":57}},{"start":{"line":265,"column":61},"end":{"line":265,"column":68}}]},"31":{"line":281,"type":"if","locations":[{"start":{"line":281,"column":8},"end":{"line":281,"column":8}},{"start":{"line":281,"column":8},"end":{"line":281,"column":8}}]},"32":{"line":282,"type":"if","locations":[{"start":{"line":282,"column":8},"end":{"line":282,"column":8}},{"start":{"line":282,"column":8},"end":{"line":282,"column":8}}]}}},"contracts/interfaces/IUniswapV3.sol":{"l":{},"path":"/Users/davide.patrucco/Desktop/Personal/finger/fia-hardhat/contracts/interfaces/IUniswapV3.sol","s":{},"b":{},"f":{},"fnMap":{},"statementMap":{},"branchMap":{}},"contracts/LPTimelock.sol":{"l":{"16":0,"17":0,"18":0,"22":0,"23":0,"27":0,"28":0,"29":0,"30":0},"path":"/Users/davide.patrucco/Desktop/Personal/finger/fia-hardhat/contracts/LPTimelock.sol","s":{"1":0,"2":0,"3":0,"4":0,"5":0,"6":0},"b":{"1":[0,0],"2":[0,0],"3":[0,0],"4":[0,0],"5":[0,0]},"f":{"1":0,"2":0,"3":0},"fnMap":{"1":{"name":"constructor","line":15,"loc":{"start":{"line":15,"column":4},"end":{"line":19,"column":4}}},"2":{"name":"deposit","line":21,"loc":{"start":{"line":21,"column":4},"end":{"line":24,"column":4}}},"3":{"name":"withdraw","line":26,"loc":{"start":{"line":26,"column":4},"end":{"line":31,"column":4}}}},"statementMap":{"1":{"start":{"line":22,"column":8},"end":{"line":22,"column":48}},"2":{"start":{"line":23,"column":8},"end":{"line":23,"column":89}},"3":{"start":{"line":27,"column":8},"end":{"line":27,"column":48}},"4":{"start":{"line":28,"column":8},"end":{"line":28,"column":55}},"5":{"start":{"line":29,"column":8},"end":{"line":29,"column":49}},"6":{"start":{"line":30,"column":8},"end":{"line":30,"column":58}}},"branchMap":{"1":{"line":22,"type":"if","locations":[{"start":{"line":22,"column":8},"end":{"line":22,"column":8}},{"start":{"line":22,"column":8},"end":{"line":22,"column":8}}]},"2":{"line":23,"type":"if","locations":[{"start":{"line":23,"column":8},"end":{"line":23,"column":8}},{"start":{"line":23,"column":8},"end":{"line":23,"column":8}}]},"3":{"line":27,"type":"if","locations":[{"start":{"line":27,"column":8},"end":{"line":27,"column":8}},{"start":{"line":27,"column":8},"end":{"line":27,"column":8}}]},"4":{"line":28,"type":"if","locations":[{"start":{"line":28,"column":8},"end":{"line":28,"column":8}},{"start":{"line":28,"column":8},"end":{"line":28,"column":8}}]},"5":{"line":30,"type":"if","locations":[{"start":{"line":30,"column":8},"end":{"line":30,"column":8}},{"start":{"line":30,"column":8},"end":{"line":30,"column":8}}]}}},"contracts/MockDEX.sol":{"l":{"10":0,"13":0,"14":0,"17":0,"18":0,"23":0,"25":0,"26":0,"52":0,"53":0,"55":0,"59":0,"60":0,"61":0,"63":0,"64":0,"66":0,"67":0,"68":0,"69":0,"70":0,"72":0,"73":0,"74":0,"75":0,"78":0,"80":0,"81":0,"82":0,"83":0,"84":0,"85":0,"86":0,"88":0,"89":0,"92":0,"93":0,"95":0,"98":0,"100":0,"101":0,"102":0,"104":0,"105":0,"109":0,"110":0,"111":0,"112":0,"115":0,"118":0,"119":0,"120":0,"122":0,"123":0,"127":0,"128":0,"133":0,"134":0,"135":0,"136":0,"139":0,"140":0,"143":0,"146":0,"147":0,"148":0,"149":0,"151":0,"154":0,"157":0,"158":0,"159":0,"161":0,"162":0,"165":0,"166":0,"173":0,"174":0,"175":0,"176":0,"178":0,"179":0,"180":0,"181":0,"182":0,"186":0,"187":0,"190":0,"193":0,"196":0,"197":0,"200":0,"201":0,"202":0,"203":0,"204":0,"206":0,"207":0,"208":0,"209":0,"212":0,"213":0,"219":0,"220":0,"222":0,"223":0,"225":0,"226":0,"231":0,"232":0,"233":0,"234":0,"235":0,"236":0,"239":0},"path":"/Users/davide.patrucco/Desktop/Personal/finger/fia-hardhat/contracts/MockDEX.sol","s":{"1":0,"2":0,"3":0,"4":0,"5":0,"6":0,"7":0,"8":0,"9":0,"10":0,"11":0,"12":0,"13":0,"14":0,"15":0,"16":0,"17":0,"18":0,"19":0,"20":0,"21":0,"22":0,"23":0,"24":0,"25":0,"26":0,"27":0,"28":0,"29":0,"30":0,"31":0,"32":0,"33":0,"34":0,"35":0,"36":0,"37":0,"38":0,"39":0,"40":0,"41":0,"42":0,"43":0,"44":0,"45":0,"46":0,"47":0,"48":0,"49":0,"50":0,"51":0,"52":0,"53":0,"54":0,"55":0,"56":0,"57":0,"58":0,"59":0,"60":0,"61":0,"62":0,"63":0,"64":0,"65":0,"66":0,"67":0,"68":0,"69":0,"70":0,"71":0,"72":0,"73":0,"74":0,"75":0,"76":0,"77":0,"78":0,"79":0},"b":{"1":[0,0],"2":[0,0],"3":[0,0],"4":[0,0],"5":[0,0],"6":[0,0],"7":[0,0],"8":[0,0],"9":[0,0],"10":[0,0],"11":[0,0],"12":[0,0],"13":[0,0],"14":[0,0],"15":[0,0],"16":[0,0],"17":[0,0],"18":[0,0],"19":[0,0],"20":[0,0],"21":[0,0],"22":[0,0],"23":[0,0],"24":[0,0],"25":[0,0]},"f":{"1":0,"2":0,"3":0,"4":0,"5":0,"6":0,"7":0,"8":0,"9":0,"10":0},"fnMap":{"1":{"name":"constructor","line":9,"loc":{"start":{"line":9,"column":4},"end":{"line":11,"column":4}}},"2":{"name":"mint","line":12,"loc":{"start":{"line":12,"column":4},"end":{"line":15,"column":4}}},"3":{"name":"burn","line":16,"loc":{"start":{"line":16,"column":4},"end":{"line":19,"column":4}}},"4":{"name":"_afterTokenTransfer","line":21,"loc":{"start":{"line":21,"column":4},"end":{"line":28,"column":4}}},"5":{"name":"_pairHash","line":51,"loc":{"start":{"line":51,"column":4},"end":{"line":56,"column":4}}},"6":{"name":"addLiquidity","line":58,"loc":{"start":{"line":58,"column":4},"end":{"line":129,"column":4}}},"7":{"name":"swap","line":132,"loc":{"start":{"line":132,"column":4},"end":{"line":167,"column":4}}},"8":{"name":"removeLiquidity","line":172,"loc":{"start":{"line":172,"column":4},"end":{"line":214,"column":4}}},"9":{"name":"onLPTransfer","line":217,"loc":{"start":{"line":217,"column":4},"end":{"line":228,"column":4}}},"10":{"name":"_sqrt","line":230,"loc":{"start":{"line":230,"column":4},"end":{"line":241,"column":4}}}},"statementMap":{"1":{"start":{"line":13,"column":8},"end":{"line":13,"column":51}},"2":{"start":{"line":14,"column":8},"end":{"line":14,"column":24}},"3":{"start":{"line":17,"column":8},"end":{"line":17,"column":51}},"4":{"start":{"line":18,"column":8},"end":{"line":18,"column":26}},"5":{"start":{"line":23,"column":8},"end":{"line":23,"column":869}},"6":{"start":{"line":25,"column":12},"end":{"line":25,"column":149}},"7":{"start":{"line":52,"column":8},"end":{"line":52,"column":2173}},"8":{"start":{"line":53,"column":12},"end":{"line":53,"column":52}},"9":{"start":{"line":55,"column":8},"end":{"line":55,"column":48}},"10":{"start":{"line":59,"column":8},"end":{"line":59,"column":61}},"11":{"start":{"line":60,"column":8},"end":{"line":60,"column":70}},"12":{"start":{"line":61,"column":8},"end":{"line":61,"column":70}},"13":{"start":{"line":63,"column":8},"end":{"line":63,"column":45}},"14":{"start":{"line":64,"column":8},"end":{"line":64,"column":33}},"15":{"start":{"line":66,"column":8},"end":{"line":66,"column":31}},"16":{"start":{"line":67,"column":8},"end":{"line":67,"column":31}},"17":{"start":{"line":68,"column":8},"end":{"line":68,"column":30}},"18":{"start":{"line":69,"column":8},"end":{"line":69,"column":30}},"19":{"start":{"line":70,"column":8},"end":{"line":70,"column":2860}},"20":{"start":{"line":78,"column":8},"end":{"line":78,"column":3047}},"21":{"start":{"line":80,"column":12},"end":{"line":80,"column":42}},"22":{"start":{"line":81,"column":12},"end":{"line":81,"column":40}},"23":{"start":{"line":82,"column":12},"end":{"line":82,"column":48}},"24":{"start":{"line":92,"column":12},"end":{"line":92,"column":50}},"25":{"start":{"line":93,"column":12},"end":{"line":93,"column":51}},"26":{"start":{"line":98,"column":12},"end":{"line":98,"column":60}},"27":{"start":{"line":100,"column":12},"end":{"line":100,"column":31}},"28":{"start":{"line":101,"column":12},"end":{"line":101,"column":31}},"29":{"start":{"line":102,"column":12},"end":{"line":102,"column":4123}},"30":{"start":{"line":109,"column":12},"end":{"line":109,"column":60}},"31":{"start":{"line":110,"column":12},"end":{"line":110,"column":60}},"32":{"start":{"line":111,"column":12},"end":{"line":111,"column":57}},"33":{"start":{"line":112,"column":12},"end":{"line":112,"column":51}},"34":{"start":{"line":118,"column":12},"end":{"line":118,"column":4764}},"35":{"start":{"line":127,"column":8},"end":{"line":127,"column":79}},"36":{"start":{"line":128,"column":8},"end":{"line":128,"column":19}},"37":{"start":{"line":133,"column":8},"end":{"line":133,"column":46}},"38":{"start":{"line":134,"column":8},"end":{"line":134,"column":49}},"39":{"start":{"line":135,"column":8},"end":{"line":135,"column":33}},"40":{"start":{"line":136,"column":8},"end":{"line":136,"column":52}},"41":{"start":{"line":139,"column":8},"end":{"line":139,"column":46}},"42":{"start":{"line":140,"column":8},"end":{"line":140,"column":111}},"43":{"start":{"line":143,"column":8},"end":{"line":143,"column":74}},"44":{"start":{"line":146,"column":8},"end":{"line":146,"column":48}},"45":{"start":{"line":147,"column":8},"end":{"line":147,"column":56}},"46":{"start":{"line":148,"column":8},"end":{"line":148,"column":66}},"47":{"start":{"line":149,"column":8},"end":{"line":149,"column":51}},"48":{"start":{"line":151,"column":8},"end":{"line":151,"column":82}},"49":{"start":{"line":154,"column":8},"end":{"line":154,"column":54}},"50":{"start":{"line":157,"column":8},"end":{"line":157,"column":6195}},"51":{"start":{"line":165,"column":8},"end":{"line":165,"column":73}},"52":{"start":{"line":166,"column":8},"end":{"line":166,"column":24}},"53":{"start":{"line":173,"column":8},"end":{"line":173,"column":49}},"54":{"start":{"line":174,"column":8},"end":{"line":174,"column":45}},"55":{"start":{"line":175,"column":8},"end":{"line":175,"column":33}},"56":{"start":{"line":176,"column":8},"end":{"line":176,"column":52}},"57":{"start":{"line":178,"column":8},"end":{"line":178,"column":32}},"58":{"start":{"line":179,"column":8},"end":{"line":179,"column":46}},"59":{"start":{"line":180,"column":8},"end":{"line":180,"column":47}},"60":{"start":{"line":181,"column":8},"end":{"line":181,"column":54}},"61":{"start":{"line":182,"column":8},"end":{"line":182,"column":66}},"62":{"start":{"line":186,"column":8},"end":{"line":186,"column":60}},"63":{"start":{"line":187,"column":8},"end":{"line":187,"column":60}},"64":{"start":{"line":190,"column":4},"end":{"line":190,"column":32}},"65":{"start":{"line":200,"column":8},"end":{"line":200,"column":7810}},"66":{"start":{"line":201,"column":12},"end":{"line":201,"column":52}},"67":{"start":{"line":202,"column":12},"end":{"line":202,"column":52}},"68":{"start":{"line":206,"column":12},"end":{"line":206,"column":52}},"69":{"start":{"line":207,"column":12},"end":{"line":207,"column":52}},"70":{"start":{"line":212,"column":8},"end":{"line":212,"column":81}},"71":{"start":{"line":213,"column":8},"end":{"line":213,"column":33}},"72":{"start":{"line":219,"column":8},"end":{"line":219,"column":36}},"73":{"start":{"line":220,"column":8},"end":{"line":220,"column":45}},"74":{"start":{"line":222,"column":8},"end":{"line":222,"column":8676}},"75":{"start":{"line":225,"column":8},"end":{"line":225,"column":8791}},"76":{"start":{"line":231,"column":8},"end":{"line":231,"column":8973}},"77":{"start":{"line":233,"column":12},"end":{"line":233,"column":33}},"78":{"start":{"line":234,"column":12},"end":{"line":234,"column":9056}},"79":{"start":{"line":238,"column":15},"end":{"line":238,"column":9157}}},"branchMap":{"1":{"line":13,"type":"if","locations":[{"start":{"line":13,"column":8},"end":{"line":13,"column":8}},{"start":{"line":13,"column":8},"end":{"line":13,"column":8}}]},"2":{"line":17,"type":"if","locations":[{"start":{"line":17,"column":8},"end":{"line":17,"column":8}},{"start":{"line":17,"column":8},"end":{"line":17,"column":8}}]},"3":{"line":23,"type":"if","locations":[{"start":{"line":23,"column":8},"end":{"line":23,"column":8}},{"start":{"line":23,"column":8},"end":{"line":23,"column":8}}]},"4":{"line":52,"type":"if","locations":[{"start":{"line":52,"column":8},"end":{"line":52,"column":8}},{"start":{"line":52,"column":8},"end":{"line":52,"column":8}}]},"5":{"line":59,"type":"if","locations":[{"start":{"line":59,"column":8},"end":{"line":59,"column":8}},{"start":{"line":59,"column":8},"end":{"line":59,"column":8}}]},"6":{"line":70,"type":"if","locations":[{"start":{"line":70,"column":8},"end":{"line":70,"column":8}},{"start":{"line":70,"column":8},"end":{"line":70,"column":8}}]},"7":{"line":78,"type":"if","locations":[{"start":{"line":78,"column":8},"end":{"line":78,"column":8}},{"start":{"line":78,"column":8},"end":{"line":78,"column":8}}]},"8":{"line":102,"type":"if","locations":[{"start":{"line":102,"column":12},"end":{"line":102,"column":12}},{"start":{"line":102,"column":12},"end":{"line":102,"column":12}}]},"9":{"line":111,"type":"if","locations":[{"start":{"line":111,"column":46},"end":{"line":111,"column":49}},{"start":{"line":111,"column":53},"end":{"line":111,"column":56}}]},"10":{"line":118,"type":"if","locations":[{"start":{"line":118,"column":12},"end":{"line":118,"column":12}},{"start":{"line":118,"column":12},"end":{"line":118,"column":12}}]},"11":{"line":133,"type":"if","locations":[{"start":{"line":133,"column":8},"end":{"line":133,"column":8}},{"start":{"line":133,"column":8},"end":{"line":133,"column":8}}]},"12":{"line":136,"type":"if","locations":[{"start":{"line":136,"column":8},"end":{"line":136,"column":8}},{"start":{"line":136,"column":8},"end":{"line":136,"column":8}}]},"13":{"line":140,"type":"if","locations":[{"start":{"line":140,"column":60},"end":{"line":140,"column":83}},{"start":{"line":140,"column":87},"end":{"line":140,"column":110}}]},"14":{"line":151,"type":"if","locations":[{"start":{"line":151,"column":8},"end":{"line":151,"column":8}},{"start":{"line":151,"column":8},"end":{"line":151,"column":8}}]},"15":{"line":157,"type":"if","locations":[{"start":{"line":157,"column":8},"end":{"line":157,"column":8}},{"start":{"line":157,"column":8},"end":{"line":157,"column":8}}]},"16":{"line":173,"type":"if","locations":[{"start":{"line":173,"column":8},"end":{"line":173,"column":8}},{"start":{"line":173,"column":8},"end":{"line":173,"column":8}}]},"17":{"line":176,"type":"if","locations":[{"start":{"line":176,"column":8},"end":{"line":176,"column":8}},{"start":{"line":176,"column":8},"end":{"line":176,"column":8}}]},"18":{"line":180,"type":"if","locations":[{"start":{"line":180,"column":8},"end":{"line":180,"column":8}},{"start":{"line":180,"column":8},"end":{"line":180,"column":8}}]},"19":{"line":182,"type":"if","locations":[{"start":{"line":182,"column":8},"end":{"line":182,"column":8}},{"start":{"line":182,"column":8},"end":{"line":182,"column":8}}]},"20":{"line":200,"type":"if","locations":[{"start":{"line":200,"column":8},"end":{"line":200,"column":8}},{"start":{"line":200,"column":8},"end":{"line":200,"column":8}}]},"21":{"line":220,"type":"if","locations":[{"start":{"line":220,"column":8},"end":{"line":220,"column":8}},{"start":{"line":220,"column":8},"end":{"line":220,"column":8}}]},"22":{"line":222,"type":"if","locations":[{"start":{"line":222,"column":8},"end":{"line":222,"column":8}},{"start":{"line":222,"column":8},"end":{"line":222,"column":8}}]},"23":{"line":225,"type":"if","locations":[{"start":{"line":225,"column":8},"end":{"line":225,"column":8}},{"start":{"line":225,"column":8},"end":{"line":225,"column":8}}]},"24":{"line":231,"type":"if","locations":[{"start":{"line":231,"column":8},"end":{"line":231,"column":8}},{"start":{"line":231,"column":8},"end":{"line":231,"column":8}}]},"25":{"line":238,"type":"if","locations":[{"start":{"line":238,"column":15},"end":{"line":238,"column":15}},{"start":{"line":238,"column":15},"end":{"line":238,"column":15}}]}}},"contracts/MockSafe.sol":{"l":{"13":0,"18":0,"20":0,"21":0,"23":0,"25":0,"30":0,"33":0},"path":"/Users/davide.patrucco/Desktop/Personal/finger/fia-hardhat/contracts/MockSafe.sol","s":{"1":0,"2":0,"3":0,"4":0,"5":0,"6":0},"b":{"1":[0,0],"2":[0,0],"3":[0,0]},"f":{"1":0,"2":0},"fnMap":{"1":{"name":"constructor","line":12,"loc":{"start":{"line":12,"column":4},"end":{"line":14,"column":4}}},"2":{"name":"callExecute","line":16,"loc":{"start":{"line":16,"column":4},"end":{"line":34,"column":4}}}},"statementMap":{"1":{"start":{"line":18,"column":4},"end":{"line":18,"column":55}},"2":{"start":{"line":20,"column":4},"end":{"line":20,"column":51}},"3":{"start":{"line":21,"column":8},"end":{"line":21,"column":725}},"4":{"start":{"line":23,"column":12},"end":{"line":23,"column":791}},"5":{"start":{"line":30,"column":16},"end":{"line":30,"column":46}},"6":{"start":{"line":33,"column":8},"end":{"line":33,"column":18}}},"branchMap":{"1":{"line":18,"type":"if","locations":[{"start":{"line":18,"column":4},"end":{"line":18,"column":4}},{"start":{"line":18,"column":4},"end":{"line":18,"column":4}}]},"2":{"line":21,"type":"if","locations":[{"start":{"line":21,"column":8},"end":{"line":21,"column":8}},{"start":{"line":21,"column":8},"end":{"line":21,"column":8}}]},"3":{"line":23,"type":"if","locations":[{"start":{"line":23,"column":12},"end":{"line":23,"column":12}},{"start":{"line":23,"column":12},"end":{"line":23,"column":12}}]}}},"contracts/MockToken.sol":{"l":{"8":0,"9":0,"14":0},"path":"/Users/davide.patrucco/Desktop/Personal/finger/fia-hardhat/contracts/MockToken.sol","s":{"1":0,"2":0,"3":0},"b":{"1":[0,0]},"f":{"1":0,"2":0},"fnMap":{"1":{"name":"constructor","line":7,"loc":{"start":{"line":7,"column":4},"end":{"line":11,"column":4}}},"2":{"name":"mint","line":13,"loc":{"start":{"line":13,"column":4},"end":{"line":15,"column":4}}}},"statementMap":{"1":{"start":{"line":8,"column":8},"end":{"line":8,"column":259}},"2":{"start":{"line":9,"column":12},"end":{"line":9,"column":37}},"3":{"start":{"line":14,"column":8},"end":{"line":14,"column":24}}},"branchMap":{"1":{"line":8,"type":"if","locations":[{"start":{"line":8,"column":8},"end":{"line":8,"column":8}},{"start":{"line":8,"column":8},"end":{"line":8,"column":8}}]}}},"contracts/NFTTimelock.sol":{"l":{"16":0,"17":0,"18":0,"19":0,"23":0,"24":0,"25":0},"path":"/Users/davide.patrucco/Desktop/Personal/finger/fia-hardhat/contracts/NFTTimelock.sol","s":{"1":0,"2":0,"3":0},"b":{"1":[0,0],"2":[0,0]},"f":{"1":0,"2":0},"fnMap":{"1":{"name":"constructor","line":15,"loc":{"start":{"line":15,"column":4},"end":{"line":20,"column":4}}},"2":{"name":"withdraw","line":22,"loc":{"start":{"line":22,"column":4},"end":{"line":26,"column":4}}}},"statementMap":{"1":{"start":{"line":23,"column":8},"end":{"line":23,"column":48}},"2":{"start":{"line":24,"column":8},"end":{"line":24,"column":55}},"3":{"start":{"line":25,"column":8},"end":{"line":25,"column":58}}},"branchMap":{"1":{"line":23,"type":"if","locations":[{"start":{"line":23,"column":8},"end":{"line":23,"column":8}},{"start":{"line":23,"column":8},"end":{"line":23,"column":8}}]},"2":{"line":24,"type":"if","locations":[{"start":{"line":24,"column":8},"end":{"line":24,"column":8}},{"start":{"line":24,"column":8},"end":{"line":24,"column":8}}]}}},"contracts/ReentrantReceiver.sol":{"l":{"13":0,"14":0,"19":0},"path":"/Users/davide.patrucco/Desktop/Personal/finger/fia-hardhat/contracts/ReentrantReceiver.sol","s":{"1":0},"b":{},"f":{"1":0,"2":0},"fnMap":{"1":{"name":"constructor","line":12,"loc":{"start":{"line":12,"column":2},"end":{"line":15,"column":2}}},"2":{"name":null,"line":17,"loc":{"start":{"line":17,"column":2},"end":{"line":20,"column":2}}}},"statementMap":{"1":{"start":{"line":19,"column":4},"end":{"line":19,"column":43}}},"branchMap":{}},"contracts/SimpleMultiSig.sol":{"l":{"28":0,"29":0,"30":0,"31":0,"32":0,"33":0,"34":0,"36":0,"40":0,"41":0,"45":0,"46":0,"47":0,"48":0,"49":0,"50":0,"54":0,"55":0,"56":0,"57":0,"58":0,"62":0,"70":0,"71":0,"73":0,"74":0,"75":0,"83":0,"85":0,"88":0,"89":0,"90":0,"91":0,"92":0,"95":0,"98":0,"100":0,"101":0,"103":0,"105":0,"113":0,"114":0,"115":0,"116":0,"120":0,"121":0,"122":0,"123":0,"125":0,"126":0,"127":0,"128":0},"path":"/Users/davide.patrucco/Desktop/Personal/finger/fia-hardhat/contracts/SimpleMultiSig.sol","s":{"1":0,"2":0,"3":0,"4":0,"5":0,"6":0,"7":0,"8":0,"9":0,"10":0,"11":0,"12":0,"13":0,"14":0,"15":0,"16":0,"17":0,"18":0,"19":0,"20":0,"21":0,"22":0,"23":0,"24":0,"25":0,"26":0,"27":0,"28":0,"29":0,"30":0,"31":0,"32":0,"33":0,"34":0,"35":0,"36":0,"37":0,"38":0,"39":0,"40":0},"b":{"1":[0,0],"2":[0,0],"3":[0,0],"4":[0,0],"5":[0,0],"6":[0,0],"7":[0,0],"8":[0,0],"9":[0,0],"10":[0,0],"11":[0,0],"12":[0,0],"13":[0,0],"14":[0,0],"15":[0,0],"16":[0,0],"17":[0,0],"18":[0,0],"19":[0,0],"20":[0,0],"21":[0,0],"22":[0,0],"23":[0,0],"24":[0,0]},"f":{"1":0,"2":0,"3":0,"4":0,"5":0,"6":0,"7":0,"8":0,"9":0},"fnMap":{"1":{"name":"constructor","line":27,"loc":{"start":{"line":27,"column":4},"end":{"line":37,"column":4}}},"2":{"name":"onlyOwner","line":39,"loc":{"start":{"line":39,"column":4},"end":{"line":42,"column":4}}},"3":{"name":"submitTransaction","line":44,"loc":{"start":{"line":44,"column":4},"end":{"line":51,"column":4}}},"4":{"name":"_confirm","line":53,"loc":{"start":{"line":53,"column":4},"end":{"line":59,"column":4}}},"5":{"name":"confirmTransaction","line":61,"loc":{"start":{"line":61,"column":4},"end":{"line":63,"column":4}}},"6":{"name":"addOwner","line":69,"loc":{"start":{"line":69,"column":4},"end":{"line":76,"column":4}}},"7":{"name":"removeOwner","line":82,"loc":{"start":{"line":82,"column":4},"end":{"line":106,"column":4}}},"8":{"name":"changeRequirement","line":112,"loc":{"start":{"line":112,"column":4},"end":{"line":117,"column":4}}},"9":{"name":"executeTransaction","line":119,"loc":{"start":{"line":119,"column":4},"end":{"line":129,"column":4}}}},"statementMap":{"1":{"start":{"line":28,"column":8},"end":{"line":28,"column":87}},"2":{"start":{"line":29,"column":8},"end":{"line":29,"column":937}},"3":{"start":{"line":30,"column":12},"end":{"line":30,"column":34}},"4":{"start":{"line":31,"column":12},"end":{"line":31,"column":49}},"5":{"start":{"line":32,"column":12},"end":{"line":32,"column":50}},"6":{"start":{"line":34,"column":12},"end":{"line":34,"column":25}},"7":{"start":{"line":40,"column":8},"end":{"line":40,"column":48}},"8":{"start":{"line":45,"column":8},"end":{"line":45,"column":99}},"9":{"start":{"line":46,"column":8},"end":{"line":46,"column":31}},"10":{"start":{"line":47,"column":8},"end":{"line":47,"column":46}},"11":{"start":{"line":48,"column":8},"end":{"line":48,"column":48}},"12":{"start":{"line":49,"column":8},"end":{"line":49,"column":21}},"13":{"start":{"line":50,"column":8},"end":{"line":50,"column":19}},"14":{"start":{"line":54,"column":8},"end":{"line":54,"column":56}},"15":{"start":{"line":55,"column":8},"end":{"line":55,"column":67}},"16":{"start":{"line":58,"column":8},"end":{"line":58,"column":38}},"17":{"start":{"line":62,"column":8},"end":{"line":62,"column":21}},"18":{"start":{"line":70,"column":8},"end":{"line":70,"column":52}},"19":{"start":{"line":71,"column":8},"end":{"line":71,"column":51}},"20":{"start":{"line":74,"column":8},"end":{"line":74,"column":28}},"21":{"start":{"line":75,"column":8},"end":{"line":75,"column":33}},"22":{"start":{"line":83,"column":8},"end":{"line":83,"column":54}},"23":{"start":{"line":85,"column":8},"end":{"line":85,"column":92}},"24":{"start":{"line":88,"column":8},"end":{"line":88,"column":39}},"25":{"start":{"line":89,"column":8},"end":{"line":89,"column":3090}},"26":{"start":{"line":90,"column":12},"end":{"line":90,"column":3152}},"27":{"start":{"line":95,"column":8},"end":{"line":95,"column":59}},"28":{"start":{"line":100,"column":8},"end":{"line":100,"column":3425}},"29":{"start":{"line":103,"column":8},"end":{"line":103,"column":19}},"30":{"start":{"line":105,"column":8},"end":{"line":105,"column":40}},"31":{"start":{"line":113,"column":8},"end":{"line":113,"column":53}},"32":{"start":{"line":114,"column":8},"end":{"line":114,"column":80}},"33":{"start":{"line":116,"column":8},"end":{"line":116,"column":41}},"34":{"start":{"line":120,"column":8},"end":{"line":120,"column":56}},"35":{"start":{"line":121,"column":8},"end":{"line":121,"column":45}},"36":{"start":{"line":122,"column":8},"end":{"line":122,"column":51}},"37":{"start":{"line":123,"column":8},"end":{"line":123,"column":75}},"38":{"start":{"line":126,"column":8},"end":{"line":126,"column":72}},"39":{"start":{"line":127,"column":8},"end":{"line":127,"column":43}},"40":{"start":{"line":128,"column":8},"end":{"line":128,"column":26}}},"branchMap":{"1":{"line":28,"type":"if","locations":[{"start":{"line":28,"column":8},"end":{"line":28,"column":8}},{"start":{"line":28,"column":8},"end":{"line":28,"column":8}}]},"2":{"line":31,"type":"if","locations":[{"start":{"line":31,"column":12},"end":{"line":31,"column":12}},{"start":{"line":31,"column":12},"end":{"line":31,"column":12}}]},"3":{"line":32,"type":"if","locations":[{"start":{"line":32,"column":12},"end":{"line":32,"column":12}},{"start":{"line":32,"column":12},"end":{"line":32,"column":12}}]},"4":{"line":40,"type":"if","locations":[{"start":{"line":40,"column":8},"end":{"line":40,"column":8}},{"start":{"line":40,"column":8},"end":{"line":40,"column":8}}]},"5":{"line":44,"type":"if","locations":[{"start":{"line":44,"column":86},"end":{"line":44,"column":86}},{"start":{"line":44,"column":86},"end":{"line":44,"column":86}}]},"6":{"line":54,"type":"if","locations":[{"start":{"line":54,"column":8},"end":{"line":54,"column":8}},{"start":{"line":54,"column":8},"end":{"line":54,"column":8}}]},"7":{"line":55,"type":"if","locations":[{"start":{"line":55,"column":8},"end":{"line":55,"column":8}},{"start":{"line":55,"column":8},"end":{"line":55,"column":8}}]},"8":{"line":61,"type":"if","locations":[{"start":{"line":61,"column":55},"end":{"line":61,"column":55}},{"start":{"line":61,"column":55},"end":{"line":61,"column":55}}]},"9":{"line":69,"type":"if","locations":[{"start":{"line":69,"column":49},"end":{"line":69,"column":49}},{"start":{"line":69,"column":49},"end":{"line":69,"column":49}}]},"10":{"line":70,"type":"if","locations":[{"start":{"line":70,"column":8},"end":{"line":70,"column":8}},{"start":{"line":70,"column":8},"end":{"line":70,"column":8}}]},"11":{"line":71,"type":"if","locations":[{"start":{"line":71,"column":8},"end":{"line":71,"column":8}},{"start":{"line":71,"column":8},"end":{"line":71,"column":8}}]},"12":{"line":82,"type":"if","locations":[{"start":{"line":82,"column":57},"end":{"line":82,"column":57}},{"start":{"line":82,"column":57},"end":{"line":82,"column":57}}]},"13":{"line":83,"type":"if","locations":[{"start":{"line":83,"column":8},"end":{"line":83,"column":8}},{"start":{"line":83,"column":8},"end":{"line":83,"column":8}}]},"14":{"line":85,"type":"if","locations":[{"start":{"line":85,"column":8},"end":{"line":85,"column":8}},{"start":{"line":85,"column":8},"end":{"line":85,"column":8}}]},"15":{"line":90,"type":"if","locations":[{"start":{"line":90,"column":12},"end":{"line":90,"column":12}},{"start":{"line":90,"column":12},"end":{"line":90,"column":12}}]},"16":{"line":95,"type":"if","locations":[{"start":{"line":95,"column":8},"end":{"line":95,"column":8}},{"start":{"line":95,"column":8},"end":{"line":95,"column":8}}]},"17":{"line":100,"type":"if","locations":[{"start":{"line":100,"column":8},"end":{"line":100,"column":8}},{"start":{"line":100,"column":8},"end":{"line":100,"column":8}}]},"18":{"line":112,"type":"if","locations":[{"start":{"line":112,"column":59},"end":{"line":112,"column":59}},{"start":{"line":112,"column":59},"end":{"line":112,"column":59}}]},"19":{"line":113,"type":"if","locations":[{"start":{"line":113,"column":8},"end":{"line":113,"column":8}},{"start":{"line":113,"column":8},"end":{"line":113,"column":8}}]},"20":{"line":114,"type":"if","locations":[{"start":{"line":114,"column":8},"end":{"line":114,"column":8}},{"start":{"line":114,"column":8},"end":{"line":114,"column":8}}]},"21":{"line":120,"type":"if","locations":[{"start":{"line":120,"column":8},"end":{"line":120,"column":8}},{"start":{"line":120,"column":8},"end":{"line":120,"column":8}}]},"22":{"line":122,"type":"if","locations":[{"start":{"line":122,"column":8},"end":{"line":122,"column":8}},{"start":{"line":122,"column":8},"end":{"line":122,"column":8}}]},"23":{"line":123,"type":"if","locations":[{"start":{"line":123,"column":8},"end":{"line":123,"column":8}},{"start":{"line":123,"column":8},"end":{"line":123,"column":8}}]},"24":{"line":127,"type":"if","locations":[{"start":{"line":127,"column":8},"end":{"line":127,"column":8}},{"start":{"line":127,"column":8},"end":{"line":127,"column":8}}]}}},"contracts/TestCaller.sol":{"l":{"11":0,"12":0,"13":0,"14":0,"16":0,"18":0,"19":0,"21":0,"23":0},"path":"/Users/davide.patrucco/Desktop/Personal/finger/fia-hardhat/contracts/TestCaller.sol","s":{"1":0,"2":0,"3":0,"4":0,"5":0},"b":{},"f":{"1":0},"fnMap":{"1":{"name":"callTwo","line":10,"loc":{"start":{"line":10,"column":4},"end":{"line":24,"column":4}}}},"statementMap":{"1":{"start":{"line":11,"column":8},"end":{"line":11,"column":24}},"2":{"start":{"line":12,"column":8},"end":{"line":12,"column":24}},"3":{"start":{"line":13,"column":8},"end":{"line":13,"column":511}},"4":{"start":{"line":18,"column":8},"end":{"line":18,"column":678}},"5":{"start":{"line":23,"column":8},"end":{"line":23,"column":25}}},"branchMap":{}},"contracts/TestProtectedCaller.sol":{"l":{"25":0,"27":0,"32":0,"34":0},"path":"/Users/davide.patrucco/Desktop/Personal/finger/fia-hardhat/contracts/TestProtectedCaller.sol","s":{"1":0,"2":0,"3":0,"4":0},"b":{},"f":{"1":0,"2":0},"fnMap":{"1":{"name":"callTwice","line":23,"loc":{"start":{"line":23,"column":4},"end":{"line":28,"column":4}}},"2":{"name":"reuseNonceInOneTx","line":31,"loc":{"start":{"line":31,"column":4},"end":{"line":35,"column":4}}}},"statementMap":{"1":{"start":{"line":25,"column":8},"end":{"line":25,"column":50}},"2":{"start":{"line":27,"column":8},"end":{"line":27,"column":50}},"3":{"start":{"line":32,"column":8},"end":{"line":32,"column":53}},"4":{"start":{"line":34,"column":8},"end":{"line":34,"column":53}}},"branchMap":{}}}